

a:6:{s:8:"duration";s:4:"3840";s:7:"authkey";s:17:"1.1.d85628e8a0589";s:8:"deviceid";s:36:"00000000-76ef-3e15-72df-660b2676d3f7";s:6:"callto";s:3:"121";s:9:"starttime";s:13:"1458794790441";s:8:"calltype";s:8:"outgoing";}
a:6:{s:8:"duration";s:5:"56820";s:7:"authkey";s:17:"1.1.d85628e8a0589";s:8:"deviceid";s:36:"00000000-76ef-3e15-72df-660b2676d3f7";s:6:"callto";s:3:"121";s:9:"starttime";s:13:"1458794811475";s:8:"calltype";s:8:"outgoing";}
a:6:{s:8:"duration";s:4:"3840";s:7:"authkey";s:17:"1.1.d85628e8a0589";s:8:"deviceid";s:36:"00000000-76ef-3e15-72df-660b2676d3f7";s:6:"callto";s:3:"121";s:9:"starttime";s:13:"1458794790441";s:8:"calltype";s:8:"outgoing";}
a:6:{s:8:"duration";s:5:"56820";s:7:"authkey";s:17:"1.1.d85628e8a0589";s:8:"deviceid";s:36:"00000000-76ef-3e15-72df-660b2676d3f7";s:6:"callto";s:3:"121";s:9:"starttime";s:13:"1458794811475";s:8:"calltype";s:8:"outgoing";}
a:6:{s:8:"duration";s:4:"3840";s:7:"authkey";s:17:"1.1.d85628e8a0589";s:8:"deviceid";s:36:"00000000-76ef-3e15-72df-660b2676d3f7";s:6:"callto";s:3:"121";s:9:"starttime";s:13:"1458794790441";s:8:"calltype";s:8:"outgoing";}
a:6:{s:8:"duration";s:5:"56820";s:7:"authkey";s:17:"1.1.d85628e8a0589";s:8:"deviceid";s:36:"00000000-76ef-3e15-72df-660b2676d3f7";s:6:"callto";s:3:"121";s:9:"starttime";s:13:"1458794811475";s:8:"calltype";s:8:"outgoing";}
a:6:{s:8:"duration";s:4:"3840";s:7:"authkey";s:17:"1.1.d85628e8a0589";s:8:"deviceid";s:36:"00000000-76ef-3e15-72df-660b2676d3f7";s:6:"callto";s:3:"121";s:9:"starttime";s:13:"1458794790441";s:8:"calltype";s:8:"outgoing";}
a:6:{s:8:"duration";s:5:"56820";s:7:"authkey";s:17:"1.1.d85628e8a0589";s:8:"deviceid";s:36:"00000000-76ef-3e15-72df-660b2676d3f7";s:6:"callto";s:3:"121";s:9:"starttime";s:13:"1458794811475";s:8:"calltype";s:8:"outgoing";}
a:6:{s:8:"duration";s:4:"3840";s:7:"authkey";s:17:"1.1.d85628e8a0589";s:8:"deviceid";s:36:"00000000-76ef-3e15-72df-660b2676d3f7";s:6:"callto";s:3:"121";s:9:"starttime";s:13:"1458794790441";s:8:"calltype";s:8:"outgoing";}
a:6:{s:8:"duration";s:5:"56820";s:7:"authkey";s:17:"1.1.d85628e8a0589";s:8:"deviceid";s:36:"00000000-76ef-3e15-72df-660b2676d3f7";s:6:"callto";s:3:"121";s:9:"starttime";s:13:"1458794811475";s:8:"calltype";s:8:"outgoing";}
a:6:{s:8:"duration";s:4:"3840";s:7:"authkey";s:17:"1.1.d85628e8a0589";s:8:"deviceid";s:36:"00000000-76ef-3e15-72df-660b2676d3f7";s:6:"callto";s:3:"121";s:9:"starttime";s:13:"1458794790441";s:8:"calltype";s:8:"outgoing";}
a:6:{s:8:"duration";s:5:"56820";s:7:"authkey";s:17:"1.1.d85628e8a0589";s:8:"deviceid";s:36:"00000000-76ef-3e15-72df-660b2676d3f7";s:6:"callto";s:3:"121";s:9:"starttime";s:13:"1458794811475";s:8:"calltype";s:8:"outgoing";}
a:6:{s:8:"duration";s:4:"3840";s:7:"authkey";s:17:"1.1.d85628e8a0589";s:8:"deviceid";s:36:"00000000-76ef-3e15-72df-660b2676d3f7";s:6:"callto";s:3:"121";s:9:"starttime";s:13:"1458794790441";s:8:"calltype";s:8:"outgoing";}
a:6:{s:8:"duration";s:5:"56820";s:7:"authkey";s:17:"1.1.d85628e8a0589";s:8:"deviceid";s:36:"00000000-76ef-3e15-72df-660b2676d3f7";s:6:"callto";s:3:"121";s:9:"starttime";s:13:"1458794811475";s:8:"calltype";s:8:"outgoing";}
a:6:{s:8:"duration";s:4:"3840";s:7:"authkey";s:17:"1.1.d85628e8a0589";s:8:"deviceid";s:36:"00000000-76ef-3e15-72df-660b2676d3f7";s:6:"callto";s:3:"121";s:9:"starttime";s:13:"1458794790441";s:8:"calltype";s:8:"outgoing";}
a:6:{s:8:"duration";s:5:"56820";s:7:"authkey";s:17:"1.1.d85628e8a0589";s:8:"deviceid";s:36:"00000000-76ef-3e15-72df-660b2676d3f7";s:6:"callto";s:3:"121";s:9:"starttime";s:13:"1458794811475";s:8:"calltype";s:8:"outgoing";}
a:6:{s:8:"duration";s:4:"3840";s:7:"authkey";s:17:"1.1.d85628e8a0589";s:8:"deviceid";s:36:"00000000-76ef-3e15-72df-660b2676d3f7";s:6:"callto";s:3:"121";s:9:"starttime";s:13:"1458794790441";s:8:"calltype";s:8:"outgoing";}
a:6:{s:8:"duration";s:5:"56820";s:7:"authkey";s:17:"1.1.d85628e8a0589";s:8:"deviceid";s:36:"00000000-76ef-3e15-72df-660b2676d3f7";s:6:"callto";s:3:"121";s:9:"starttime";s:13:"1458794811475";s:8:"calltype";s:8:"outgoing";}
a:6:{s:8:"duration";s:4:"3840";s:7:"authkey";s:17:"1.1.d85628e8a0589";s:8:"deviceid";s:36:"00000000-76ef-3e15-72df-660b2676d3f7";s:6:"callto";s:3:"121";s:9:"starttime";s:13:"1458794790441";s:8:"calltype";s:8:"outgoing";}
a:6:{s:8:"duration";s:5:"56820";s:7:"authkey";s:17:"1.1.d85628e8a0589";s:8:"deviceid";s:36:"00000000-76ef-3e15-72df-660b2676d3f7";s:6:"callto";s:3:"121";s:9:"starttime";s:13:"1458794811475";s:8:"calltype";s:8:"outgoing";}
a:6:{s:8:"duration";s:4:"3840";s:7:"authkey";s:17:"1.1.d85628e8a0589";s:8:"deviceid";s:36:"00000000-76ef-3e15-72df-660b2676d3f7";s:6:"callto";s:3:"121";s:9:"starttime";s:13:"1458794790441";s:8:"calltype";s:8:"outgoing";}
a:6:{s:8:"duration";s:5:"56820";s:7:"authkey";s:17:"1.1.d85628e8a0589";s:8:"deviceid";s:36:"00000000-76ef-3e15-72df-660b2676d3f7";s:6:"callto";s:3:"121";s:9:"starttime";s:13:"1458794811475";s:8:"calltype";s:8:"outgoing";}
a:6:{s:8:"duration";s:4:"3840";s:7:"authkey";s:17:"1.1.d85628e8a0589";s:8:"deviceid";s:36:"00000000-76ef-3e15-72df-660b2676d3f7";s:6:"callto";s:3:"121";s:9:"starttime";s:13:"1458794790441";s:8:"calltype";s:8:"outgoing";}
a:6:{s:8:"duration";s:5:"56820";s:7:"authkey";s:17:"1.1.d85628e8a0589";s:8:"deviceid";s:36:"00000000-76ef-3e15-72df-660b2676d3f7";s:6:"callto";s:3:"121";s:9:"starttime";s:13:"1458794811475";s:8:"calltype";s:8:"outgoing";}
a:6:{s:8:"duration";s:4:"3840";s:7:"authkey";s:17:"1.1.d85628e8a0589";s:8:"deviceid";s:36:"00000000-76ef-3e15-72df-660b2676d3f7";s:6:"callto";s:3:"121";s:9:"starttime";s:13:"1458794790441";s:8:"calltype";s:8:"outgoing";}
a:6:{s:8:"duration";s:5:"56820";s:7:"authkey";s:17:"1.1.d85628e8a0589";s:8:"deviceid";s:36:"00000000-76ef-3e15-72df-660b2676d3f7";s:6:"callto";s:3:"121";s:9:"starttime";s:13:"1458794811475";s:8:"calltype";s:8:"outgoing";}
a:6:{s:8:"duration";s:4:"3840";s:7:"authkey";s:17:"1.1.d85628e8a0589";s:8:"deviceid";s:36:"00000000-76ef-3e15-72df-660b2676d3f7";s:6:"callto";s:3:"121";s:9:"starttime";s:13:"1458794790441";s:8:"calltype";s:8:"outgoing";}
a:6:{s:8:"duration";s:5:"56820";s:7:"authkey";s:17:"1.1.d85628e8a0589";s:8:"deviceid";s:36:"00000000-76ef-3e15-72df-660b2676d3f7";s:6:"callto";s:3:"121";s:9:"starttime";s:13:"1458794811475";s:8:"calltype";s:8:"outgoing";}
a:6:{s:8:"duration";s:4:"3840";s:7:"authkey";s:17:"1.1.d85628e8a0589";s:8:"deviceid";s:36:"00000000-76ef-3e15-72df-660b2676d3f7";s:6:"callto";s:3:"121";s:9:"starttime";s:13:"1458794790441";s:8:"calltype";s:8:"outgoing";}
a:6:{s:8:"duration";s:5:"56820";s:7:"authkey";s:17:"1.1.d85628e8a0589";s:8:"deviceid";s:36:"00000000-76ef-3e15-72df-660b2676d3f7";s:6:"callto";s:3:"121";s:9:"starttime";s:13:"1458794811475";s:8:"calltype";s:8:"outgoing";}
a:6:{s:8:"duration";s:4:"3840";s:7:"authkey";s:17:"1.1.d85628e8a0589";s:8:"deviceid";s:36:"00000000-76ef-3e15-72df-660b2676d3f7";s:6:"callto";s:3:"121";s:9:"starttime";s:13:"1458794790441";s:8:"calltype";s:8:"outgoing";}
a:6:{s:8:"duration";s:5:"56820";s:7:"authkey";s:17:"1.1.d85628e8a0589";s:8:"deviceid";s:36:"00000000-76ef-3e15-72df-660b2676d3f7";s:6:"callto";s:3:"121";s:9:"starttime";s:13:"1458794811475";s:8:"calltype";s:8:"outgoing";}
a:6:{s:8:"duration";s:4:"3840";s:7:"authkey";s:17:"1.1.d85628e8a0589";s:8:"deviceid";s:36:"00000000-76ef-3e15-72df-660b2676d3f7";s:6:"callto";s:3:"121";s:9:"starttime";s:13:"1458794790441";s:8:"calltype";s:8:"outgoing";}
a:6:{s:8:"duration";s:5:"56820";s:7:"authkey";s:17:"1.1.d85628e8a0589";s:8:"deviceid";s:36:"00000000-76ef-3e15-72df-660b2676d3f7";s:6:"callto";s:3:"121";s:9:"starttime";s:13:"1458794811475";s:8:"calltype";s:8:"outgoing";}
a:6:{s:8:"duration";s:4:"3840";s:7:"authkey";s:17:"1.1.d85628e8a0589";s:8:"deviceid";s:36:"00000000-76ef-3e15-72df-660b2676d3f7";s:6:"callto";s:3:"121";s:9:"starttime";s:13:"1458794790441";s:8:"calltype";s:8:"outgoing";}
a:6:{s:8:"duration";s:5:"56820";s:7:"authkey";s:17:"1.1.d85628e8a0589";s:8:"deviceid";s:36:"00000000-76ef-3e15-72df-660b2676d3f7";s:6:"callto";s:3:"121";s:9:"starttime";s:13:"1458794811475";s:8:"calltype";s:8:"outgoing";}
a:6:{s:8:"duration";s:4:"3840";s:7:"authkey";s:17:"1.1.d85628e8a0589";s:8:"deviceid";s:36:"00000000-76ef-3e15-72df-660b2676d3f7";s:6:"callto";s:3:"121";s:9:"starttime";s:13:"1458794790441";s:8:"calltype";s:8:"outgoing";}
a:6:{s:8:"duration";s:5:"56820";s:7:"authkey";s:17:"1.1.d85628e8a0589";s:8:"deviceid";s:36:"00000000-76ef-3e15-72df-660b2676d3f7";s:6:"callto";s:3:"121";s:9:"starttime";s:13:"1458794811475";s:8:"calltype";s:8:"outgoing";}
a:6:{s:8:"duration";s:4:"3840";s:7:"authkey";s:17:"1.1.d85628e8a0589";s:8:"deviceid";s:36:"00000000-76ef-3e15-72df-660b2676d3f7";s:6:"callto";s:3:"121";s:9:"starttime";s:13:"1458794790441";s:8:"calltype";s:8:"outgoing";}
a:6:{s:8:"duration";s:5:"56820";s:7:"authkey";s:17:"1.1.d85628e8a0589";s:8:"deviceid";s:36:"00000000-76ef-3e15-72df-660b2676d3f7";s:6:"callto";s:3:"121";s:9:"starttime";s:13:"1458794811475";s:8:"calltype";s:8:"outgoing";}
a:6:{s:8:"duration";s:4:"3840";s:7:"authkey";s:17:"1.1.d85628e8a0589";s:8:"deviceid";s:36:"00000000-76ef-3e15-72df-660b2676d3f7";s:6:"callto";s:3:"121";s:9:"starttime";s:13:"1458794790441";s:8:"calltype";s:8:"outgoing";}
a:6:{s:8:"duration";s:5:"56820";s:7:"authkey";s:17:"1.1.d85628e8a0589";s:8:"deviceid";s:36:"00000000-76ef-3e15-72df-660b2676d3f7";s:6:"callto";s:3:"121";s:9:"starttime";s:13:"1458794811475";s:8:"calltype";s:8:"outgoing";}
a:6:{s:8:"duration";s:4:"3840";s:7:"authkey";s:17:"1.1.d85628e8a0589";s:8:"deviceid";s:36:"00000000-76ef-3e15-72df-660b2676d3f7";s:6:"callto";s:3:"121";s:9:"starttime";s:13:"1458794790441";s:8:"calltype";s:8:"outgoing";}
a:6:{s:8:"duration";s:5:"56820";s:7:"authkey";s:17:"1.1.d85628e8a0589";s:8:"deviceid";s:36:"00000000-76ef-3e15-72df-660b2676d3f7";s:6:"callto";s:3:"121";s:9:"starttime";s:13:"1458794811475";s:8:"calltype";s:8:"outgoing";}
a:6:{s:8:"duration";s:4:"3840";s:7:"authkey";s:17:"1.1.d85628e8a0589";s:8:"deviceid";s:36:"00000000-76ef-3e15-72df-660b2676d3f7";s:6:"callto";s:3:"121";s:9:"starttime";s:13:"1458794790441";s:8:"calltype";s:8:"outgoing";}
a:6:{s:8:"duration";s:5:"56820";s:7:"authkey";s:17:"1.1.d85628e8a0589";s:8:"deviceid";s:36:"00000000-76ef-3e15-72df-660b2676d3f7";s:6:"callto";s:3:"121";s:9:"starttime";s:13:"1458794811475";s:8:"calltype";s:8:"outgoing";}
a:6:{s:8:"duration";s:4:"3840";s:7:"authkey";s:17:"1.1.d85628e8a0589";s:8:"deviceid";s:36:"00000000-76ef-3e15-72df-660b2676d3f7";s:6:"callto";s:3:"121";s:9:"starttime";s:13:"1458794790441";s:8:"calltype";s:8:"outgoing";}
a:6:{s:8:"duration";s:5:"56820";s:7:"authkey";s:17:"1.1.d85628e8a0589";s:8:"deviceid";s:36:"00000000-76ef-3e15-72df-660b2676d3f7";s:6:"callto";s:3:"121";s:9:"starttime";s:13:"1458794811475";s:8:"calltype";s:8:"outgoing";}
a:7:{s:8:"duration";s:4:"3840";s:7:"authkey";s:17:"1.1.d85628e8a0589";s:8:"deviceid";s:36:"00000000-76ef-3e15-72df-660b2676d3f7";s:6:"callto";s:3:"121";s:9:"starttime";s:13:"1458794790441";s:8:"calltype";s:8:"outgoing";s:7:"endtime";s:13:"1458794790441";}
a:7:{s:8:"duration";s:5:"56820";s:7:"authkey";s:17:"1.1.d85628e8a0589";s:8:"deviceid";s:36:"00000000-76ef-3e15-72df-660b2676d3f7";s:6:"callto";s:3:"121";s:9:"starttime";s:13:"1458794811475";s:8:"calltype";s:8:"outgoing";s:7:"endtime";s:13:"1458794811475";}
a:6:{s:7:"authkey";s:17:"1.1.d85628e8a0589";s:8:"deviceid";s:36:"00000000-76ef-3e15-72df-660b2676d3f7";s:6:"callto";s:13:"+918886937356";s:9:"starttime";s:13:"1458057026021";s:8:"calltype";s:6:"missed";s:7:"endtime";s:13:"1458057026021";}
a:6:{s:7:"authkey";s:17:"1.1.d85628e8a0589";s:8:"deviceid";s:36:"00000000-76ef-3e15-72df-660b2676d3f7";s:6:"callto";s:13:"+919502303773";s:9:"starttime";s:13:"1458060199290";s:8:"calltype";s:6:"missed";s:7:"endtime";s:13:"1458060199290";}
a:6:{s:7:"authkey";s:17:"1.1.d85628e8a0589";s:8:"deviceid";s:36:"00000000-76ef-3e15-72df-660b2676d3f7";s:6:"callto";s:13:"+919966540990";s:9:"starttime";s:13:"1458373919104";s:8:"calltype";s:6:"missed";s:7:"endtime";s:13:"1458373919104";}
a:6:{s:7:"authkey";s:17:"1.1.d85628e8a0589";s:8:"deviceid";s:36:"00000000-76ef-3e15-72df-660b2676d3f7";s:6:"callto";s:13:"+919052438184";s:9:"starttime";s:13:"1458378298135";s:8:"calltype";s:6:"missed";s:7:"endtime";s:13:"1458378298135";}
a:6:{s:7:"authkey";s:17:"1.1.d85628e8a0589";s:8:"deviceid";s:36:"00000000-76ef-3e15-72df-660b2676d3f7";s:6:"callto";s:13:"+919966540990";s:9:"starttime";s:13:"1458446701342";s:8:"calltype";s:6:"missed";s:7:"endtime";s:13:"1458446701342";}
a:6:{s:7:"authkey";s:17:"1.1.d85628e8a0589";s:8:"deviceid";s:36:"00000000-76ef-3e15-72df-660b2676d3f7";s:6:"callto";s:13:"+919036397314";s:9:"starttime";s:13:"1458453827476";s:8:"calltype";s:6:"missed";s:7:"endtime";s:13:"1458453827476";}
a:6:{s:7:"authkey";s:17:"1.1.d85628e8a0589";s:8:"deviceid";s:36:"00000000-76ef-3e15-72df-660b2676d3f7";s:6:"callto";s:13:"+919036397314";s:9:"starttime";s:13:"1458453905330";s:8:"calltype";s:6:"missed";s:7:"endtime";s:13:"1458453905330";}
a:6:{s:7:"authkey";s:17:"1.1.d85628e8a0589";s:8:"deviceid";s:36:"00000000-76ef-3e15-72df-660b2676d3f7";s:6:"callto";s:13:"+919036397314";s:9:"starttime";s:13:"1458453966898";s:8:"calltype";s:6:"missed";s:7:"endtime";s:13:"1458453966898";}
a:6:{s:7:"authkey";s:17:"1.1.d85628e8a0589";s:8:"deviceid";s:36:"00000000-76ef-3e15-72df-660b2676d3f7";s:6:"callto";s:13:"+919036397314";s:9:"starttime";s:13:"1458454026097";s:8:"calltype";s:6:"missed";s:7:"endtime";s:13:"1458454026097";}
a:6:{s:7:"authkey";s:17:"1.1.d85628e8a0589";s:8:"deviceid";s:36:"00000000-76ef-3e15-72df-660b2676d3f7";s:6:"callto";s:13:"+919502303773";s:9:"starttime";s:13:"1458660029969";s:8:"calltype";s:6:"missed";s:7:"endtime";s:13:"1458660029969";}
a:6:{s:7:"authkey";s:17:"1.1.d85628e8a0589";s:8:"deviceid";s:36:"00000000-76ef-3e15-72df-660b2676d3f7";s:6:"callto";s:13:"+919502303773";s:9:"starttime";s:13:"1458662125465";s:8:"calltype";s:6:"missed";s:7:"endtime";s:13:"1458662125465";}
a:6:{s:7:"authkey";s:17:"1.1.d85628e8a0589";s:8:"deviceid";s:36:"00000000-76ef-3e15-72df-660b2676d3f7";s:6:"callto";s:13:"+919036397314";s:9:"starttime";s:13:"1458790440770";s:8:"calltype";s:8:"incoming";s:7:"endtime";s:13:"1458790440770";}
a:6:{s:7:"authkey";s:17:"1.1.d85628e8a0589";s:8:"deviceid";s:36:"00000000-76ef-3e15-72df-660b2676d3f7";s:6:"callto";s:3:"121";s:9:"starttime";s:13:"1458794609095";s:8:"calltype";s:8:"outgoing";s:7:"endtime";s:13:"1458794609095";}
a:6:{s:7:"authkey";s:17:"1.1.d85628e8a0589";s:8:"deviceid";s:36:"00000000-76ef-3e15-72df-660b2676d3f7";s:6:"callto";s:13:"+918886937356";s:9:"starttime";s:13:"1458057026021";s:8:"calltype";s:6:"missed";s:7:"endtime";s:13:"1458057026021";}
a:6:{s:7:"authkey";s:17:"1.1.d85628e8a0589";s:8:"deviceid";s:36:"00000000-76ef-3e15-72df-660b2676d3f7";s:6:"callto";s:13:"+919502303773";s:9:"starttime";s:13:"1458060199290";s:8:"calltype";s:6:"missed";s:7:"endtime";s:13:"1458060199290";}
a:6:{s:7:"authkey";s:17:"1.1.d85628e8a0589";s:8:"deviceid";s:36:"00000000-76ef-3e15-72df-660b2676d3f7";s:6:"callto";s:13:"+919966540990";s:9:"starttime";s:13:"1458373919104";s:8:"calltype";s:6:"missed";s:7:"endtime";s:13:"1458373919104";}
a:6:{s:7:"authkey";s:17:"1.1.d85628e8a0589";s:8:"deviceid";s:36:"00000000-76ef-3e15-72df-660b2676d3f7";s:6:"callto";s:13:"+919052438184";s:9:"starttime";s:13:"1458378298135";s:8:"calltype";s:6:"missed";s:7:"endtime";s:13:"1458378298135";}
a:6:{s:7:"authkey";s:17:"1.1.d85628e8a0589";s:8:"deviceid";s:36:"00000000-76ef-3e15-72df-660b2676d3f7";s:6:"callto";s:13:"+919966540990";s:9:"starttime";s:13:"1458446701342";s:8:"calltype";s:6:"missed";s:7:"endtime";s:13:"1458446701342";}
a:6:{s:7:"authkey";s:17:"1.1.d85628e8a0589";s:8:"deviceid";s:36:"00000000-76ef-3e15-72df-660b2676d3f7";s:6:"callto";s:13:"+919036397314";s:9:"starttime";s:13:"1458453827476";s:8:"calltype";s:6:"missed";s:7:"endtime";s:13:"1458453827476";}
a:6:{s:7:"authkey";s:17:"1.1.d85628e8a0589";s:8:"deviceid";s:36:"00000000-76ef-3e15-72df-660b2676d3f7";s:6:"callto";s:13:"+919036397314";s:9:"starttime";s:13:"1458453905330";s:8:"calltype";s:6:"missed";s:7:"endtime";s:13:"1458453905330";}
a:6:{s:7:"authkey";s:17:"1.1.d85628e8a0589";s:8:"deviceid";s:36:"00000000-76ef-3e15-72df-660b2676d3f7";s:6:"callto";s:13:"+919036397314";s:9:"starttime";s:13:"1458453966898";s:8:"calltype";s:6:"missed";s:7:"endtime";s:13:"1458453966898";}
a:6:{s:7:"authkey";s:17:"1.1.d85628e8a0589";s:8:"deviceid";s:36:"00000000-76ef-3e15-72df-660b2676d3f7";s:6:"callto";s:13:"+919036397314";s:9:"starttime";s:13:"1458454026097";s:8:"calltype";s:6:"missed";s:7:"endtime";s:13:"1458454026097";}
a:6:{s:7:"authkey";s:17:"1.1.d85628e8a0589";s:8:"deviceid";s:36:"00000000-76ef-3e15-72df-660b2676d3f7";s:6:"callto";s:13:"+919502303773";s:9:"starttime";s:13:"1458660029969";s:8:"calltype";s:6:"missed";s:7:"endtime";s:13:"1458660029969";}
a:6:{s:7:"authkey";s:17:"1.1.d85628e8a0589";s:8:"deviceid";s:36:"00000000-76ef-3e15-72df-660b2676d3f7";s:6:"callto";s:13:"+919502303773";s:9:"starttime";s:13:"1458662125465";s:8:"calltype";s:6:"missed";s:7:"endtime";s:13:"1458662125465";}
a:6:{s:7:"authkey";s:17:"1.1.d85628e8a0589";s:8:"deviceid";s:36:"00000000-76ef-3e15-72df-660b2676d3f7";s:6:"callto";s:13:"+919036397314";s:9:"starttime";s:13:"1458790440770";s:8:"calltype";s:8:"incoming";s:7:"endtime";s:13:"1458790440770";}
a:6:{s:7:"authkey";s:17:"1.1.d85628e8a0589";s:8:"deviceid";s:36:"00000000-76ef-3e15-72df-660b2676d3f7";s:6:"callto";s:3:"121";s:9:"starttime";s:13:"1458794609095";s:8:"calltype";s:8:"outgoing";s:7:"endtime";s:13:"1458794609095";}
a:6:{s:7:"authkey";s:17:"1.1.d85628e8a0589";s:8:"deviceid";s:36:"00000000-76ef-3e15-72df-660b2676d3f7";s:6:"callto";s:13:"+918886937356";s:9:"starttime";s:13:"1458057026021";s:8:"calltype";s:6:"missed";s:7:"endtime";s:13:"1458057026021";}
a:6:{s:7:"authkey";s:17:"1.1.d85628e8a0589";s:8:"deviceid";s:36:"00000000-76ef-3e15-72df-660b2676d3f7";s:6:"callto";s:13:"+919502303773";s:9:"starttime";s:13:"1458060199290";s:8:"calltype";s:6:"missed";s:7:"endtime";s:13:"1458060199290";}
a:6:{s:7:"authkey";s:17:"1.1.d85628e8a0589";s:8:"deviceid";s:36:"00000000-76ef-3e15-72df-660b2676d3f7";s:6:"callto";s:13:"+919966540990";s:9:"starttime";s:13:"1458373919104";s:8:"calltype";s:6:"missed";s:7:"endtime";s:13:"1458373919104";}
a:6:{s:7:"authkey";s:17:"1.1.d85628e8a0589";s:8:"deviceid";s:36:"00000000-76ef-3e15-72df-660b2676d3f7";s:6:"callto";s:13:"+919052438184";s:9:"starttime";s:13:"1458378298135";s:8:"calltype";s:6:"missed";s:7:"endtime";s:13:"1458378298135";}
a:6:{s:7:"authkey";s:17:"1.1.d85628e8a0589";s:8:"deviceid";s:36:"00000000-76ef-3e15-72df-660b2676d3f7";s:6:"callto";s:13:"+919966540990";s:9:"starttime";s:13:"1458446701342";s:8:"calltype";s:6:"missed";s:7:"endtime";s:13:"1458446701342";}
a:6:{s:7:"authkey";s:17:"1.1.d85628e8a0589";s:8:"deviceid";s:36:"00000000-76ef-3e15-72df-660b2676d3f7";s:6:"callto";s:13:"+919036397314";s:9:"starttime";s:13:"1458453827476";s:8:"calltype";s:6:"missed";s:7:"endtime";s:13:"1458453827476";}
a:6:{s:7:"authkey";s:17:"1.1.d85628e8a0589";s:8:"deviceid";s:36:"00000000-76ef-3e15-72df-660b2676d3f7";s:6:"callto";s:13:"+919036397314";s:9:"starttime";s:13:"1458453905330";s:8:"calltype";s:6:"missed";s:7:"endtime";s:13:"1458453905330";}
a:6:{s:7:"authkey";s:17:"1.1.d85628e8a0589";s:8:"deviceid";s:36:"00000000-76ef-3e15-72df-660b2676d3f7";s:6:"callto";s:13:"+919036397314";s:9:"starttime";s:13:"1458453966898";s:8:"calltype";s:6:"missed";s:7:"endtime";s:13:"1458453966898";}
a:6:{s:7:"authkey";s:17:"1.1.d85628e8a0589";s:8:"deviceid";s:36:"00000000-76ef-3e15-72df-660b2676d3f7";s:6:"callto";s:13:"+919036397314";s:9:"starttime";s:13:"1458454026097";s:8:"calltype";s:6:"missed";s:7:"endtime";s:13:"1458454026097";}
a:6:{s:7:"authkey";s:17:"1.1.d85628e8a0589";s:8:"deviceid";s:36:"00000000-76ef-3e15-72df-660b2676d3f7";s:6:"callto";s:13:"+919502303773";s:9:"starttime";s:13:"1458660029969";s:8:"calltype";s:6:"missed";s:7:"endtime";s:13:"1458660029969";}
a:6:{s:7:"authkey";s:17:"1.1.d85628e8a0589";s:8:"deviceid";s:36:"00000000-76ef-3e15-72df-660b2676d3f7";s:6:"callto";s:13:"+919502303773";s:9:"starttime";s:13:"1458662125465";s:8:"calltype";s:6:"missed";s:7:"endtime";s:13:"1458662125465";}
a:6:{s:7:"authkey";s:17:"1.1.d85628e8a0589";s:8:"deviceid";s:36:"00000000-76ef-3e15-72df-660b2676d3f7";s:6:"callto";s:13:"+919036397314";s:9:"starttime";s:13:"1458790440770";s:8:"calltype";s:8:"incoming";s:7:"endtime";s:13:"1458790440770";}
a:6:{s:7:"authkey";s:17:"1.1.d85628e8a0589";s:8:"deviceid";s:36:"00000000-76ef-3e15-72df-660b2676d3f7";s:6:"callto";s:3:"121";s:9:"starttime";s:13:"1458794609095";s:8:"calltype";s:8:"outgoing";s:7:"endtime";s:13:"1458794609095";}
a:6:{s:7:"authkey";s:17:"1.1.d85628e8a0589";s:8:"deviceid";s:36:"00000000-76ef-3e15-72df-660b2676d3f7";s:6:"callto";s:13:"+918886937356";s:9:"starttime";s:13:"1458057026021";s:8:"calltype";s:6:"missed";s:7:"endtime";s:13:"1458057026021";}
a:6:{s:7:"authkey";s:17:"1.1.d85628e8a0589";s:8:"deviceid";s:36:"00000000-76ef-3e15-72df-660b2676d3f7";s:6:"callto";s:13:"+919502303773";s:9:"starttime";s:13:"1458060199290";s:8:"calltype";s:6:"missed";s:7:"endtime";s:13:"1458060199290";}
a:6:{s:7:"authkey";s:17:"1.1.d85628e8a0589";s:8:"deviceid";s:36:"00000000-76ef-3e15-72df-660b2676d3f7";s:6:"callto";s:13:"+919966540990";s:9:"starttime";s:13:"1458373919104";s:8:"calltype";s:6:"missed";s:7:"endtime";s:13:"1458373919104";}
a:6:{s:7:"authkey";s:17:"1.1.d85628e8a0589";s:8:"deviceid";s:36:"00000000-76ef-3e15-72df-660b2676d3f7";s:6:"callto";s:13:"+919052438184";s:9:"starttime";s:13:"1458378298135";s:8:"calltype";s:6:"missed";s:7:"endtime";s:13:"1458378298135";}
a:6:{s:7:"authkey";s:17:"1.1.d85628e8a0589";s:8:"deviceid";s:36:"00000000-76ef-3e15-72df-660b2676d3f7";s:6:"callto";s:13:"+919966540990";s:9:"starttime";s:13:"1458446701342";s:8:"calltype";s:6:"missed";s:7:"endtime";s:13:"1458446701342";}
a:6:{s:7:"authkey";s:17:"1.1.d85628e8a0589";s:8:"deviceid";s:36:"00000000-76ef-3e15-72df-660b2676d3f7";s:6:"callto";s:13:"+919036397314";s:9:"starttime";s:13:"1458453827476";s:8:"calltype";s:6:"missed";s:7:"endtime";s:13:"1458453827476";}
a:6:{s:7:"authkey";s:17:"1.1.d85628e8a0589";s:8:"deviceid";s:36:"00000000-76ef-3e15-72df-660b2676d3f7";s:6:"callto";s:13:"+919036397314";s:9:"starttime";s:13:"1458453905330";s:8:"calltype";s:6:"missed";s:7:"endtime";s:13:"1458453905330";}
a:6:{s:7:"authkey";s:17:"1.1.d85628e8a0589";s:8:"deviceid";s:36:"00000000-76ef-3e15-72df-660b2676d3f7";s:6:"callto";s:13:"+919036397314";s:9:"starttime";s:13:"1458453966898";s:8:"calltype";s:6:"missed";s:7:"endtime";s:13:"1458453966898";}
a:6:{s:7:"authkey";s:17:"1.1.d85628e8a0589";s:8:"deviceid";s:36:"00000000-76ef-3e15-72df-660b2676d3f7";s:6:"callto";s:13:"+919036397314";s:9:"starttime";s:13:"1458454026097";s:8:"calltype";s:6:"missed";s:7:"endtime";s:13:"1458454026097";}
a:6:{s:7:"authkey";s:17:"1.1.d85628e8a0589";s:8:"deviceid";s:36:"00000000-76ef-3e15-72df-660b2676d3f7";s:6:"callto";s:13:"+919502303773";s:9:"starttime";s:13:"1458660029969";s:8:"calltype";s:6:"missed";s:7:"endtime";s:13:"1458660029969";}
a:6:{s:7:"authkey";s:17:"1.1.d85628e8a0589";s:8:"deviceid";s:36:"00000000-76ef-3e15-72df-660b2676d3f7";s:6:"callto";s:13:"+919502303773";s:9:"starttime";s:13:"1458662125465";s:8:"calltype";s:6:"missed";s:7:"endtime";s:13:"1458662125465";}
a:6:{s:7:"authkey";s:17:"1.1.d85628e8a0589";s:8:"deviceid";s:36:"00000000-76ef-3e15-72df-660b2676d3f7";s:6:"callto";s:13:"+919036397314";s:9:"starttime";s:13:"1458790440770";s:8:"calltype";s:8:"incoming";s:7:"endtime";s:13:"1458790440770";}
a:6:{s:7:"authkey";s:17:"1.1.d85628e8a0589";s:8:"deviceid";s:36:"00000000-76ef-3e15-72df-660b2676d3f7";s:6:"callto";s:3:"121";s:9:"starttime";s:13:"1458794609095";s:8:"calltype";s:8:"outgoing";s:7:"endtime";s:13:"1458794609095";}
a:6:{s:7:"authkey";s:17:"1.1.d85628e8a0589";s:8:"deviceid";s:36:"00000000-76ef-3e15-72df-660b2676d3f7";s:6:"callto";s:13:"+918886937356";s:9:"starttime";s:13:"1458057026021";s:8:"calltype";s:6:"missed";s:7:"endtime";s:13:"1458057026021";}
a:6:{s:7:"authkey";s:17:"1.1.d85628e8a0589";s:8:"deviceid";s:36:"00000000-76ef-3e15-72df-660b2676d3f7";s:6:"callto";s:13:"+919502303773";s:9:"starttime";s:13:"1458060199290";s:8:"calltype";s:6:"missed";s:7:"endtime";s:13:"1458060199290";}
a:6:{s:7:"authkey";s:17:"1.1.d85628e8a0589";s:8:"deviceid";s:36:"00000000-76ef-3e15-72df-660b2676d3f7";s:6:"callto";s:13:"+919966540990";s:9:"starttime";s:13:"1458373919104";s:8:"calltype";s:6:"missed";s:7:"endtime";s:13:"1458373919104";}
a:6:{s:7:"authkey";s:17:"1.1.d85628e8a0589";s:8:"deviceid";s:36:"00000000-76ef-3e15-72df-660b2676d3f7";s:6:"callto";s:13:"+919052438184";s:9:"starttime";s:13:"1458378298135";s:8:"calltype";s:6:"missed";s:7:"endtime";s:13:"1458378298135";}
a:6:{s:7:"authkey";s:17:"1.1.d85628e8a0589";s:8:"deviceid";s:36:"00000000-76ef-3e15-72df-660b2676d3f7";s:6:"callto";s:13:"+919966540990";s:9:"starttime";s:13:"1458446701342";s:8:"calltype";s:6:"missed";s:7:"endtime";s:13:"1458446701342";}
a:6:{s:7:"authkey";s:17:"1.1.d85628e8a0589";s:8:"deviceid";s:36:"00000000-76ef-3e15-72df-660b2676d3f7";s:6:"callto";s:13:"+919036397314";s:9:"starttime";s:13:"1458453827476";s:8:"calltype";s:6:"missed";s:7:"endtime";s:13:"1458453827476";}
a:6:{s:7:"authkey";s:17:"1.1.d85628e8a0589";s:8:"deviceid";s:36:"00000000-76ef-3e15-72df-660b2676d3f7";s:6:"callto";s:13:"+919036397314";s:9:"starttime";s:13:"1458453905330";s:8:"calltype";s:6:"missed";s:7:"endtime";s:13:"1458453905330";}
a:6:{s:7:"authkey";s:17:"1.1.d85628e8a0589";s:8:"deviceid";s:36:"00000000-76ef-3e15-72df-660b2676d3f7";s:6:"callto";s:13:"+919036397314";s:9:"starttime";s:13:"1458453966898";s:8:"calltype";s:6:"missed";s:7:"endtime";s:13:"1458453966898";}
a:6:{s:7:"authkey";s:17:"1.1.d85628e8a0589";s:8:"deviceid";s:36:"00000000-76ef-3e15-72df-660b2676d3f7";s:6:"callto";s:13:"+919036397314";s:9:"starttime";s:13:"1458454026097";s:8:"calltype";s:6:"missed";s:7:"endtime";s:13:"1458454026097";}
a:6:{s:7:"authkey";s:17:"1.1.d85628e8a0589";s:8:"deviceid";s:36:"00000000-76ef-3e15-72df-660b2676d3f7";s:6:"callto";s:13:"+919502303773";s:9:"starttime";s:13:"1458660029969";s:8:"calltype";s:6:"missed";s:7:"endtime";s:13:"1458660029969";}
a:6:{s:7:"authkey";s:17:"1.1.d85628e8a0589";s:8:"deviceid";s:36:"00000000-76ef-3e15-72df-660b2676d3f7";s:6:"callto";s:13:"+919502303773";s:9:"starttime";s:13:"1458662125465";s:8:"calltype";s:6:"missed";s:7:"endtime";s:13:"1458662125465";}
a:6:{s:7:"authkey";s:17:"1.1.d85628e8a0589";s:8:"deviceid";s:36:"00000000-76ef-3e15-72df-660b2676d3f7";s:6:"callto";s:13:"+919036397314";s:9:"starttime";s:13:"1458790440770";s:8:"calltype";s:8:"incoming";s:7:"endtime";s:13:"1458790440770";}
a:6:{s:7:"authkey";s:17:"1.1.d85628e8a0589";s:8:"deviceid";s:36:"00000000-76ef-3e15-72df-660b2676d3f7";s:6:"callto";s:3:"121";s:9:"starttime";s:13:"1458794609095";s:8:"calltype";s:8:"outgoing";s:7:"endtime";s:13:"1458794609095";}
a:6:{s:7:"authkey";s:17:"1.1.d85628e8a0589";s:8:"deviceid";s:36:"00000000-76ef-3e15-72df-660b2676d3f7";s:6:"callto";s:13:"+918886937356";s:9:"starttime";s:13:"1458057026021";s:8:"calltype";s:6:"missed";s:7:"endtime";s:13:"1458057026021";}
a:6:{s:7:"authkey";s:17:"1.1.d85628e8a0589";s:8:"deviceid";s:36:"00000000-76ef-3e15-72df-660b2676d3f7";s:6:"callto";s:13:"+919502303773";s:9:"starttime";s:13:"1458060199290";s:8:"calltype";s:6:"missed";s:7:"endtime";s:13:"1458060199290";}
a:6:{s:7:"authkey";s:17:"1.1.d85628e8a0589";s:8:"deviceid";s:36:"00000000-76ef-3e15-72df-660b2676d3f7";s:6:"callto";s:13:"+919966540990";s:9:"starttime";s:13:"1458373919104";s:8:"calltype";s:6:"missed";s:7:"endtime";s:13:"1458373919104";}
a:6:{s:7:"authkey";s:17:"1.1.d85628e8a0589";s:8:"deviceid";s:36:"00000000-76ef-3e15-72df-660b2676d3f7";s:6:"callto";s:13:"+919052438184";s:9:"starttime";s:13:"1458378298135";s:8:"calltype";s:6:"missed";s:7:"endtime";s:13:"1458378298135";}
a:6:{s:7:"authkey";s:17:"1.1.d85628e8a0589";s:8:"deviceid";s:36:"00000000-76ef-3e15-72df-660b2676d3f7";s:6:"callto";s:13:"+919966540990";s:9:"starttime";s:13:"1458446701342";s:8:"calltype";s:6:"missed";s:7:"endtime";s:13:"1458446701342";}
a:6:{s:7:"authkey";s:17:"1.1.d85628e8a0589";s:8:"deviceid";s:36:"00000000-76ef-3e15-72df-660b2676d3f7";s:6:"callto";s:13:"+919036397314";s:9:"starttime";s:13:"1458453827476";s:8:"calltype";s:6:"missed";s:7:"endtime";s:13:"1458453827476";}
a:6:{s:7:"authkey";s:17:"1.1.d85628e8a0589";s:8:"deviceid";s:36:"00000000-76ef-3e15-72df-660b2676d3f7";s:6:"callto";s:13:"+919036397314";s:9:"starttime";s:13:"1458453905330";s:8:"calltype";s:6:"missed";s:7:"endtime";s:13:"1458453905330";}
a:6:{s:7:"authkey";s:17:"1.1.d85628e8a0589";s:8:"deviceid";s:36:"00000000-76ef-3e15-72df-660b2676d3f7";s:6:"callto";s:13:"+919036397314";s:9:"starttime";s:13:"1458453966898";s:8:"calltype";s:6:"missed";s:7:"endtime";s:13:"1458453966898";}
a:6:{s:7:"authkey";s:17:"1.1.d85628e8a0589";s:8:"deviceid";s:36:"00000000-76ef-3e15-72df-660b2676d3f7";s:6:"callto";s:13:"+919036397314";s:9:"starttime";s:13:"1458454026097";s:8:"calltype";s:6:"missed";s:7:"endtime";s:13:"1458454026097";}
a:6:{s:7:"authkey";s:17:"1.1.d85628e8a0589";s:8:"deviceid";s:36:"00000000-76ef-3e15-72df-660b2676d3f7";s:6:"callto";s:13:"+919502303773";s:9:"starttime";s:13:"1458660029969";s:8:"calltype";s:6:"missed";s:7:"endtime";s:13:"1458660029969";}
a:6:{s:7:"authkey";s:17:"1.1.d85628e8a0589";s:8:"deviceid";s:36:"00000000-76ef-3e15-72df-660b2676d3f7";s:6:"callto";s:13:"+919502303773";s:9:"starttime";s:13:"1458662125465";s:8:"calltype";s:6:"missed";s:7:"endtime";s:13:"1458662125465";}
a:6:{s:7:"authkey";s:17:"1.1.d85628e8a0589";s:8:"deviceid";s:36:"00000000-76ef-3e15-72df-660b2676d3f7";s:6:"callto";s:13:"+919036397314";s:9:"starttime";s:13:"1458790440770";s:8:"calltype";s:8:"incoming";s:7:"endtime";s:13:"1458790440770";}
a:6:{s:7:"authkey";s:17:"1.1.d85628e8a0589";s:8:"deviceid";s:36:"00000000-76ef-3e15-72df-660b2676d3f7";s:6:"callto";s:3:"121";s:9:"starttime";s:13:"1458794609095";s:8:"calltype";s:8:"outgoing";s:7:"endtime";s:13:"1458794609095";}
a:6:{s:7:"authkey";s:17:"1.1.d85628e8a0589";s:8:"deviceid";s:36:"00000000-76ef-3e15-72df-660b2676d3f7";s:6:"callto";s:13:"+918886937356";s:9:"starttime";s:13:"1458057026021";s:8:"calltype";s:6:"missed";s:7:"endtime";s:13:"1458057026021";}
a:6:{s:7:"authkey";s:17:"1.1.d85628e8a0589";s:8:"deviceid";s:36:"00000000-76ef-3e15-72df-660b2676d3f7";s:6:"callto";s:13:"+919502303773";s:9:"starttime";s:13:"1458060199290";s:8:"calltype";s:6:"missed";s:7:"endtime";s:13:"1458060199290";}
a:6:{s:7:"authkey";s:17:"1.1.d85628e8a0589";s:8:"deviceid";s:36:"00000000-76ef-3e15-72df-660b2676d3f7";s:6:"callto";s:13:"+919966540990";s:9:"starttime";s:13:"1458373919104";s:8:"calltype";s:6:"missed";s:7:"endtime";s:13:"1458373919104";}
a:6:{s:7:"authkey";s:17:"1.1.d85628e8a0589";s:8:"deviceid";s:36:"00000000-76ef-3e15-72df-660b2676d3f7";s:6:"callto";s:13:"+919052438184";s:9:"starttime";s:13:"1458378298135";s:8:"calltype";s:6:"missed";s:7:"endtime";s:13:"1458378298135";}
a:6:{s:7:"authkey";s:17:"1.1.d85628e8a0589";s:8:"deviceid";s:36:"00000000-76ef-3e15-72df-660b2676d3f7";s:6:"callto";s:13:"+919966540990";s:9:"starttime";s:13:"1458446701342";s:8:"calltype";s:6:"missed";s:7:"endtime";s:13:"1458446701342";}
a:6:{s:7:"authkey";s:17:"1.1.d85628e8a0589";s:8:"deviceid";s:36:"00000000-76ef-3e15-72df-660b2676d3f7";s:6:"callto";s:13:"+919036397314";s:9:"starttime";s:13:"1458453827476";s:8:"calltype";s:6:"missed";s:7:"endtime";s:13:"1458453827476";}
a:6:{s:7:"authkey";s:17:"1.1.d85628e8a0589";s:8:"deviceid";s:36:"00000000-76ef-3e15-72df-660b2676d3f7";s:6:"callto";s:13:"+919036397314";s:9:"starttime";s:13:"1458453905330";s:8:"calltype";s:6:"missed";s:7:"endtime";s:13:"1458453905330";}
a:6:{s:7:"authkey";s:17:"1.1.d85628e8a0589";s:8:"deviceid";s:36:"00000000-76ef-3e15-72df-660b2676d3f7";s:6:"callto";s:13:"+919036397314";s:9:"starttime";s:13:"1458453966898";s:8:"calltype";s:6:"missed";s:7:"endtime";s:13:"1458453966898";}
a:6:{s:7:"authkey";s:17:"1.1.d85628e8a0589";s:8:"deviceid";s:36:"00000000-76ef-3e15-72df-660b2676d3f7";s:6:"callto";s:13:"+919036397314";s:9:"starttime";s:13:"1458454026097";s:8:"calltype";s:6:"missed";s:7:"endtime";s:13:"1458454026097";}
a:6:{s:7:"authkey";s:17:"1.1.d85628e8a0589";s:8:"deviceid";s:36:"00000000-76ef-3e15-72df-660b2676d3f7";s:6:"callto";s:13:"+919502303773";s:9:"starttime";s:13:"1458660029969";s:8:"calltype";s:6:"missed";s:7:"endtime";s:13:"1458660029969";}
a:6:{s:7:"authkey";s:17:"1.1.d85628e8a0589";s:8:"deviceid";s:36:"00000000-76ef-3e15-72df-660b2676d3f7";s:6:"callto";s:13:"+919502303773";s:9:"starttime";s:13:"1458662125465";s:8:"calltype";s:6:"missed";s:7:"endtime";s:13:"1458662125465";}
a:6:{s:7:"authkey";s:17:"1.1.d85628e8a0589";s:8:"deviceid";s:36:"00000000-76ef-3e15-72df-660b2676d3f7";s:6:"callto";s:13:"+919036397314";s:9:"starttime";s:13:"1458790440770";s:8:"calltype";s:8:"incoming";s:7:"endtime";s:13:"1458790440770";}
a:6:{s:7:"authkey";s:17:"1.1.d85628e8a0589";s:8:"deviceid";s:36:"00000000-76ef-3e15-72df-660b2676d3f7";s:6:"callto";s:3:"121";s:9:"starttime";s:13:"1458794609095";s:8:"calltype";s:8:"outgoing";s:7:"endtime";s:13:"1458794609095";}
a:6:{s:7:"authkey";s:17:"1.1.d85628e8a0589";s:8:"deviceid";s:36:"00000000-76ef-3e15-72df-660b2676d3f7";s:6:"callto";s:13:"+918886937356";s:9:"starttime";s:13:"1458057026021";s:8:"calltype";s:6:"missed";s:7:"endtime";s:13:"1458057026021";}
a:6:{s:7:"authkey";s:17:"1.1.d85628e8a0589";s:8:"deviceid";s:36:"00000000-76ef-3e15-72df-660b2676d3f7";s:6:"callto";s:13:"+919502303773";s:9:"starttime";s:13:"1458060199290";s:8:"calltype";s:6:"missed";s:7:"endtime";s:13:"1458060199290";}
a:6:{s:7:"authkey";s:17:"1.1.d85628e8a0589";s:8:"deviceid";s:36:"00000000-76ef-3e15-72df-660b2676d3f7";s:6:"callto";s:13:"+919966540990";s:9:"starttime";s:13:"1458373919104";s:8:"calltype";s:6:"missed";s:7:"endtime";s:13:"1458373919104";}
a:6:{s:7:"authkey";s:17:"1.1.d85628e8a0589";s:8:"deviceid";s:36:"00000000-76ef-3e15-72df-660b2676d3f7";s:6:"callto";s:13:"+919052438184";s:9:"starttime";s:13:"1458378298135";s:8:"calltype";s:6:"missed";s:7:"endtime";s:13:"1458378298135";}
a:6:{s:7:"authkey";s:17:"1.1.d85628e8a0589";s:8:"deviceid";s:36:"00000000-76ef-3e15-72df-660b2676d3f7";s:6:"callto";s:13:"+919966540990";s:9:"starttime";s:13:"1458446701342";s:8:"calltype";s:6:"missed";s:7:"endtime";s:13:"1458446701342";}
a:6:{s:7:"authkey";s:17:"1.1.d85628e8a0589";s:8:"deviceid";s:36:"00000000-76ef-3e15-72df-660b2676d3f7";s:6:"callto";s:13:"+919036397314";s:9:"starttime";s:13:"1458453827476";s:8:"calltype";s:6:"missed";s:7:"endtime";s:13:"1458453827476";}
a:6:{s:7:"authkey";s:17:"1.1.d85628e8a0589";s:8:"deviceid";s:36:"00000000-76ef-3e15-72df-660b2676d3f7";s:6:"callto";s:13:"+919036397314";s:9:"starttime";s:13:"1458453905330";s:8:"calltype";s:6:"missed";s:7:"endtime";s:13:"1458453905330";}
a:6:{s:7:"authkey";s:17:"1.1.d85628e8a0589";s:8:"deviceid";s:36:"00000000-76ef-3e15-72df-660b2676d3f7";s:6:"callto";s:13:"+919036397314";s:9:"starttime";s:13:"1458453966898";s:8:"calltype";s:6:"missed";s:7:"endtime";s:13:"1458453966898";}
a:6:{s:7:"authkey";s:17:"1.1.d85628e8a0589";s:8:"deviceid";s:36:"00000000-76ef-3e15-72df-660b2676d3f7";s:6:"callto";s:13:"+919036397314";s:9:"starttime";s:13:"1458454026097";s:8:"calltype";s:6:"missed";s:7:"endtime";s:13:"1458454026097";}
a:6:{s:7:"authkey";s:17:"1.1.d85628e8a0589";s:8:"deviceid";s:36:"00000000-76ef-3e15-72df-660b2676d3f7";s:6:"callto";s:13:"+919502303773";s:9:"starttime";s:13:"1458660029969";s:8:"calltype";s:6:"missed";s:7:"endtime";s:13:"1458660029969";}
a:6:{s:7:"authkey";s:17:"1.1.d85628e8a0589";s:8:"deviceid";s:36:"00000000-76ef-3e15-72df-660b2676d3f7";s:6:"callto";s:13:"+919502303773";s:9:"starttime";s:13:"1458662125465";s:8:"calltype";s:6:"missed";s:7:"endtime";s:13:"1458662125465";}
a:6:{s:7:"authkey";s:17:"1.1.d85628e8a0589";s:8:"deviceid";s:36:"00000000-76ef-3e15-72df-660b2676d3f7";s:6:"callto";s:13:"+919036397314";s:9:"starttime";s:13:"1458790440770";s:8:"calltype";s:8:"incoming";s:7:"endtime";s:13:"1458790440770";}
a:6:{s:7:"authkey";s:17:"1.1.d85628e8a0589";s:8:"deviceid";s:36:"00000000-76ef-3e15-72df-660b2676d3f7";s:6:"callto";s:3:"121";s:9:"starttime";s:13:"1458794609095";s:8:"calltype";s:8:"outgoing";s:7:"endtime";s:13:"1458794609095";}
a:6:{s:7:"authkey";s:17:"1.1.d85628e8a0589";s:8:"deviceid";s:36:"00000000-76ef-3e15-72df-660b2676d3f7";s:6:"callto";s:13:"+918886937356";s:9:"starttime";s:13:"1458057026021";s:8:"calltype";s:6:"missed";s:7:"endtime";s:13:"1458057026021";}
a:6:{s:7:"authkey";s:17:"1.1.d85628e8a0589";s:8:"deviceid";s:36:"00000000-76ef-3e15-72df-660b2676d3f7";s:6:"callto";s:13:"+919502303773";s:9:"starttime";s:13:"1458060199290";s:8:"calltype";s:6:"missed";s:7:"endtime";s:13:"1458060199290";}
a:6:{s:7:"authkey";s:17:"1.1.d85628e8a0589";s:8:"deviceid";s:36:"00000000-76ef-3e15-72df-660b2676d3f7";s:6:"callto";s:13:"+919966540990";s:9:"starttime";s:13:"1458373919104";s:8:"calltype";s:6:"missed";s:7:"endtime";s:13:"1458373919104";}
a:6:{s:7:"authkey";s:17:"1.1.d85628e8a0589";s:8:"deviceid";s:36:"00000000-76ef-3e15-72df-660b2676d3f7";s:6:"callto";s:13:"+919052438184";s:9:"starttime";s:13:"1458378298135";s:8:"calltype";s:6:"missed";s:7:"endtime";s:13:"1458378298135";}
a:6:{s:7:"authkey";s:17:"1.1.d85628e8a0589";s:8:"deviceid";s:36:"00000000-76ef-3e15-72df-660b2676d3f7";s:6:"callto";s:13:"+919966540990";s:9:"starttime";s:13:"1458446701342";s:8:"calltype";s:6:"missed";s:7:"endtime";s:13:"1458446701342";}
a:6:{s:7:"authkey";s:17:"1.1.d85628e8a0589";s:8:"deviceid";s:36:"00000000-76ef-3e15-72df-660b2676d3f7";s:6:"callto";s:13:"+919036397314";s:9:"starttime";s:13:"1458453827476";s:8:"calltype";s:6:"missed";s:7:"endtime";s:13:"1458453827476";}
a:6:{s:7:"authkey";s:17:"1.1.d85628e8a0589";s:8:"deviceid";s:36:"00000000-76ef-3e15-72df-660b2676d3f7";s:6:"callto";s:13:"+919036397314";s:9:"starttime";s:13:"1458453905330";s:8:"calltype";s:6:"missed";s:7:"endtime";s:13:"1458453905330";}
a:6:{s:7:"authkey";s:17:"1.1.d85628e8a0589";s:8:"deviceid";s:36:"00000000-76ef-3e15-72df-660b2676d3f7";s:6:"callto";s:13:"+919036397314";s:9:"starttime";s:13:"1458453966898";s:8:"calltype";s:6:"missed";s:7:"endtime";s:13:"1458453966898";}
a:6:{s:7:"authkey";s:17:"1.1.d85628e8a0589";s:8:"deviceid";s:36:"00000000-76ef-3e15-72df-660b2676d3f7";s:6:"callto";s:13:"+919036397314";s:9:"starttime";s:13:"1458454026097";s:8:"calltype";s:6:"missed";s:7:"endtime";s:13:"1458454026097";}
a:6:{s:7:"authkey";s:17:"1.1.d85628e8a0589";s:8:"deviceid";s:36:"00000000-76ef-3e15-72df-660b2676d3f7";s:6:"callto";s:13:"+919502303773";s:9:"starttime";s:13:"1458660029969";s:8:"calltype";s:6:"missed";s:7:"endtime";s:13:"1458660029969";}
a:6:{s:7:"authkey";s:17:"1.1.d85628e8a0589";s:8:"deviceid";s:36:"00000000-76ef-3e15-72df-660b2676d3f7";s:6:"callto";s:13:"+919502303773";s:9:"starttime";s:13:"1458662125465";s:8:"calltype";s:6:"missed";s:7:"endtime";s:13:"1458662125465";}
a:6:{s:7:"authkey";s:17:"1.1.d85628e8a0589";s:8:"deviceid";s:36:"00000000-76ef-3e15-72df-660b2676d3f7";s:6:"callto";s:13:"+919036397314";s:9:"starttime";s:13:"1458790440770";s:8:"calltype";s:8:"incoming";s:7:"endtime";s:13:"1458790440770";}
a:6:{s:7:"authkey";s:17:"1.1.d85628e8a0589";s:8:"deviceid";s:36:"00000000-76ef-3e15-72df-660b2676d3f7";s:6:"callto";s:3:"121";s:9:"starttime";s:13:"1458794609095";s:8:"calltype";s:8:"outgoing";s:7:"endtime";s:13:"1458794609095";}
a:6:{s:7:"authkey";s:17:"1.1.d85628e8a0589";s:8:"deviceid";s:36:"00000000-76ef-3e15-72df-660b2676d3f7";s:6:"callto";s:13:"+918886937356";s:9:"starttime";s:13:"1458057026021";s:8:"calltype";s:6:"missed";s:7:"endtime";s:13:"1458057026021";}
a:6:{s:7:"authkey";s:17:"1.1.d85628e8a0589";s:8:"deviceid";s:36:"00000000-76ef-3e15-72df-660b2676d3f7";s:6:"callto";s:13:"+919502303773";s:9:"starttime";s:13:"1458060199290";s:8:"calltype";s:6:"missed";s:7:"endtime";s:13:"1458060199290";}
a:6:{s:7:"authkey";s:17:"1.1.d85628e8a0589";s:8:"deviceid";s:36:"00000000-76ef-3e15-72df-660b2676d3f7";s:6:"callto";s:13:"+919966540990";s:9:"starttime";s:13:"1458373919104";s:8:"calltype";s:6:"missed";s:7:"endtime";s:13:"1458373919104";}
a:6:{s:7:"authkey";s:17:"1.1.d85628e8a0589";s:8:"deviceid";s:36:"00000000-76ef-3e15-72df-660b2676d3f7";s:6:"callto";s:13:"+919052438184";s:9:"starttime";s:13:"1458378298135";s:8:"calltype";s:6:"missed";s:7:"endtime";s:13:"1458378298135";}
a:6:{s:7:"authkey";s:17:"1.1.d85628e8a0589";s:8:"deviceid";s:36:"00000000-76ef-3e15-72df-660b2676d3f7";s:6:"callto";s:13:"+919966540990";s:9:"starttime";s:13:"1458446701342";s:8:"calltype";s:6:"missed";s:7:"endtime";s:13:"1458446701342";}
a:6:{s:7:"authkey";s:17:"1.1.d85628e8a0589";s:8:"deviceid";s:36:"00000000-76ef-3e15-72df-660b2676d3f7";s:6:"callto";s:13:"+919036397314";s:9:"starttime";s:13:"1458453827476";s:8:"calltype";s:6:"missed";s:7:"endtime";s:13:"1458453827476";}
a:6:{s:7:"authkey";s:17:"1.1.d85628e8a0589";s:8:"deviceid";s:36:"00000000-76ef-3e15-72df-660b2676d3f7";s:6:"callto";s:13:"+919036397314";s:9:"starttime";s:13:"1458453905330";s:8:"calltype";s:6:"missed";s:7:"endtime";s:13:"1458453905330";}
a:6:{s:7:"authkey";s:17:"1.1.d85628e8a0589";s:8:"deviceid";s:36:"00000000-76ef-3e15-72df-660b2676d3f7";s:6:"callto";s:13:"+919036397314";s:9:"starttime";s:13:"1458453966898";s:8:"calltype";s:6:"missed";s:7:"endtime";s:13:"1458453966898";}
a:6:{s:7:"authkey";s:17:"1.1.d85628e8a0589";s:8:"deviceid";s:36:"00000000-76ef-3e15-72df-660b2676d3f7";s:6:"callto";s:13:"+919036397314";s:9:"starttime";s:13:"1458454026097";s:8:"calltype";s:6:"missed";s:7:"endtime";s:13:"1458454026097";}
a:6:{s:7:"authkey";s:17:"1.1.d85628e8a0589";s:8:"deviceid";s:36:"00000000-76ef-3e15-72df-660b2676d3f7";s:6:"callto";s:13:"+919502303773";s:9:"starttime";s:13:"1458660029969";s:8:"calltype";s:6:"missed";s:7:"endtime";s:13:"1458660029969";}
a:6:{s:7:"authkey";s:17:"1.1.d85628e8a0589";s:8:"deviceid";s:36:"00000000-76ef-3e15-72df-660b2676d3f7";s:6:"callto";s:13:"+919502303773";s:9:"starttime";s:13:"1458662125465";s:8:"calltype";s:6:"missed";s:7:"endtime";s:13:"1458662125465";}
a:6:{s:7:"authkey";s:17:"1.1.d85628e8a0589";s:8:"deviceid";s:36:"00000000-76ef-3e15-72df-660b2676d3f7";s:6:"callto";s:13:"+919036397314";s:9:"starttime";s:13:"1458790440770";s:8:"calltype";s:8:"incoming";s:7:"endtime";s:13:"1458790440770";}
a:6:{s:7:"authkey";s:17:"1.1.d85628e8a0589";s:8:"deviceid";s:36:"00000000-76ef-3e15-72df-660b2676d3f7";s:6:"callto";s:3:"121";s:9:"starttime";s:13:"1458794609095";s:8:"calltype";s:8:"outgoing";s:7:"endtime";s:13:"1458794609095";}
a:6:{s:7:"authkey";s:17:"1.1.d85628e8a0589";s:8:"deviceid";s:36:"00000000-76ef-3e15-72df-660b2676d3f7";s:6:"callto";s:13:"+919966540990";s:9:"starttime";s:13:"1458446701342";s:8:"calltype";s:6:"missed";s:7:"endtime";s:13:"1458446701342";}
a:6:{s:7:"authkey";s:17:"1.1.d85628e8a0589";s:8:"deviceid";s:36:"00000000-76ef-3e15-72df-660b2676d3f7";s:6:"callto";s:13:"+919036397314";s:9:"starttime";s:13:"1458453905330";s:8:"calltype";s:6:"missed";s:7:"endtime";s:13:"1458453905330";}
a:6:{s:7:"authkey";s:17:"1.1.d85628e8a0589";s:8:"deviceid";s:36:"00000000-76ef-3e15-72df-660b2676d3f7";s:6:"callto";s:13:"+919036397314";s:9:"starttime";s:13:"1458453966898";s:8:"calltype";s:6:"missed";s:7:"endtime";s:13:"1458453966898";}
a:6:{s:7:"authkey";s:17:"1.1.d85628e8a0589";s:8:"deviceid";s:36:"00000000-76ef-3e15-72df-660b2676d3f7";s:6:"callto";s:13:"+919036397314";s:9:"starttime";s:13:"1458454026097";s:8:"calltype";s:6:"missed";s:7:"endtime";s:13:"1458454026097";}
a:6:{s:7:"authkey";s:17:"1.1.d85628e8a0589";s:8:"deviceid";s:36:"00000000-76ef-3e15-72df-660b2676d3f7";s:6:"callto";s:13:"+919036397314";s:9:"starttime";s:13:"1458453966898";s:8:"calltype";s:6:"missed";s:7:"endtime";s:13:"1458453966898";}
a:7:{s:8:"duration";s:5:"13640";s:7:"authkey";s:17:"1.1.d85628e8a0589";s:8:"deviceid";s:36:"ffffffff-a4d5-960f-ffff-ffff82ba1723";s:6:"callto";s:3:"121";s:9:"starttime";s:22:"24/03/2016 12:33:48.07";s:8:"calltype";s:8:"outgoing";s:7:"endtime";s:13:"1458803028076";}
a:7:{s:8:"duration";s:4:"8580";s:7:"authkey";s:17:"1.1.d85628e8a0589";s:8:"deviceid";s:36:"ffffffff-a4d5-960f-ffff-ffff82ba1723";s:6:"callto";s:3:"121";s:9:"starttime";s:22:"24:03:2016 12:40:34.62";s:8:"calltype";s:8:"outgoing";s:7:"endtime";s:13:"1458803434628";}
a:7:{s:12:"uploadedfile";s:4:"test";s:7:"authkey";s:17:"1.1.d85628e8a0589";s:8:"deviceid";s:36:"00000000-76ef-3e15-72df-660b2676d3f7";s:6:"callto";s:10:"8553583089";s:9:"starttime";s:19:"7896-56-78 00:00:00";s:8:"calltype";s:8:"received";s:8:"duration";s:6:"525643";}
a:7:{s:12:"uploadedfile";s:4:"test";s:7:"authkey";s:17:"1.1.d85628e8a0589";s:8:"deviceid";s:36:"ffffffff-a4d5-960f-ffff-ffff82ba1723";s:6:"callto";s:10:"8553583089";s:9:"starttime";s:19:"7896-56-78 00:00:00";s:8:"calltype";s:8:"received";s:8:"duration";s:6:"525643";}
a:7:{s:12:"uploadedfile";s:4:"test";s:7:"authkey";s:17:"1.1.d85628e8a0589";s:8:"deviceid";s:36:"ffffffff-a4d5-960f-ffff-ffff82ba1723";s:6:"callto";s:10:"8553583089";s:9:"starttime";s:19:"7896-56-78 00:00:00";s:8:"calltype";s:8:"received";s:8:"duration";s:6:"525643";}
a:7:{s:12:"uploadedfile";s:4:"test";s:7:"authkey";s:17:"1.1.d85628e8a0589";s:8:"deviceid";s:36:"ffffffff-a4d5-960f-ffff-ffff82ba1723";s:6:"callto";s:10:"8553583089";s:9:"starttime";s:19:"7896-56-78 00:00:00";s:8:"calltype";s:8:"received";s:8:"duration";s:6:"525643";}
a:7:{s:12:"uploadedfile";s:4:"test";s:7:"authkey";s:17:"1.1.d85628e8a0589";s:8:"deviceid";s:36:"ffffffff-a4d5-960f-ffff-ffff82ba1723";s:6:"callto";s:10:"8553583089";s:9:"starttime";s:19:"7896-56-78 00:00:00";s:8:"calltype";s:8:"received";s:8:"duration";s:6:"525643";}
a:7:{s:12:"uploadedfile";s:4:"test";s:7:"authkey";s:17:"1.1.d85628e8a0589";s:8:"deviceid";s:36:"ffffffff-a4d5-960f-ffff-ffff82ba1723";s:6:"callto";s:10:"8553583089";s:9:"starttime";s:10:"7896-56-78";s:8:"calltype";s:8:"received";s:8:"duration";s:6:"525643";}
a:7:{s:12:"uploadedfile";s:4:"test";s:7:"authkey";s:17:"1.1.d85628e8a0589";s:8:"deviceid";s:36:"ffffffff-a4d5-960f-ffff-ffff82ba1723";s:6:"callto";s:10:"8553583089";s:9:"starttime";s:13:"1458453827476";s:8:"calltype";s:8:"received";s:8:"duration";s:6:"525643";}
a:7:{s:8:"duration";s:5:"75600";s:7:"authkey";s:17:"1.1.d85628e8a0589";s:8:"deviceid";s:36:"ffffffff-a4d5-960f-ffff-ffff82ba1723";s:6:"callto";s:13:"+918065779112";s:9:"starttime";s:22:"24:03:2016 12:49:52.06";s:8:"calltype";s:8:"incoming";s:7:"endtime";s:13:"1458803992063";}
a:7:{s:8:"duration";s:5:"10820";s:7:"authkey";s:17:"1.1.d85628e8a0589";s:8:"deviceid";s:36:"ffffffff-a4d5-960f-ffff-ffff82ba1723";s:6:"callto";s:3:"121";s:9:"starttime";s:22:"24-03-2016 12:56:29.37";s:8:"calltype";s:8:"outgoing";s:7:"endtime";s:13:"1458804389379";}
a:7:{s:12:"uploadedfile";s:4:"test";s:7:"authkey";s:17:"1.1.d85628e8a0589";s:8:"deviceid";s:36:"ffffffff-a4d5-960f-ffff-ffff82ba1723";s:6:"callto";s:10:"8553583089";s:9:"starttime";s:13:"1458453827476";s:8:"calltype";s:8:"received";s:8:"duration";s:6:"525643";}
a:7:{s:12:"uploadedfile";s:4:"test";s:7:"authkey";s:17:"1.1.d85628e8a0589";s:8:"deviceid";s:36:"ffffffff-a4d5-960f-ffff-ffff82ba1723";s:6:"callto";s:10:"8553583089";s:9:"starttime";s:13:"1458453827476";s:8:"calltype";s:8:"received";s:8:"duration";s:6:"525643";}
a:7:{s:12:"uploadedfile";s:4:"test";s:7:"authkey";s:17:"1.1.d85628e8a0589";s:8:"deviceid";s:36:"ffffffff-a4d5-960f-ffff-ffff82ba1723";s:6:"callto";s:10:"8553583089";s:9:"starttime";s:18:"1458:45:38 27:47:6";s:8:"calltype";s:8:"received";s:8:"duration";s:6:"525643";}
a:7:{s:8:"duration";s:4:"6340";s:7:"endtime";s:22:"24-03-2016 13:03:26.93";s:7:"authkey";s:17:"1.1.d85628e8a0589";s:8:"deviceid";s:36:"ffffffff-a4d5-960f-ffff-ffff82ba1723";s:6:"callto";s:3:"121";s:9:"starttime";s:22:"24-03-2016 13:03:20.59";s:8:"calltype";s:8:"outgoing";}
a:7:{s:8:"duration";s:5:"11780";s:7:"endtime";s:22:"24-03-2016 13:09:49.49";s:7:"authkey";s:17:"1.1.d85628e8a0589";s:8:"deviceid";s:36:"ffffffff-a4d5-960f-ffff-ffff82ba1723";s:6:"callto";s:3:"121";s:9:"starttime";s:22:"24-03-2016 13:09:37.71";s:8:"calltype";s:8:"outgoing";}
a:6:{s:7:"authkey";s:17:"1.1.d85628e8a0589";s:8:"deviceid";s:36:"ffffffff-a4d5-960f-ffff-ffff82ba1723";s:6:"callto";s:13:"+917815971940";s:9:"starttime";s:22:"24-03-2016 13:58:30.59";s:8:"calltype";s:6:"missed";s:7:"endtime";s:7:"0000000";}
a:7:{s:8:"duration";s:4:"4360";s:7:"endtime";s:22:"24-03-2016 14:01:24.41";s:7:"authkey";s:17:"1.1.d85628e8a0589";s:8:"deviceid";s:36:"ffffffff-a4d5-960f-ffff-ffff82ba1723";s:6:"callto";s:13:"+917815971940";s:9:"starttime";s:22:"24-03-2016 14:01:20.05";s:8:"calltype";s:8:"incoming";}
a:7:{s:8:"duration";s:5:"20560";s:7:"endtime";s:22:"24-03-2016 14:06:30.19";s:7:"authkey";s:17:"1.1.d85628e8a0589";s:8:"deviceid";s:36:"ffffffff-a4d5-960f-ffff-ffff82ba1723";s:6:"callto";s:13:"+917815971940";s:9:"starttime";s:22:"24-03-2016 14:06:09.63";s:8:"calltype";s:8:"incoming";}
a:7:{s:8:"duration";s:5:"23440";s:7:"endtime";s:22:"24-03-2016 14:09:51.93";s:7:"authkey";s:17:"1.1.d85628e8a0589";s:8:"deviceid";s:36:"ffffffff-a4d5-960f-ffff-ffff82ba1723";s:6:"callto";s:13:"+917815971940";s:9:"starttime";s:22:"24-03-2016 14:09:28.49";s:8:"calltype";s:8:"outgoing";}
a:7:{s:8:"duration";s:4:"6780";s:7:"endtime";s:23:"24-03-2016 14:47:35.200";s:7:"authkey";s:17:"1.1.d85628e8a0589";s:8:"deviceid";s:36:"00000000-76ef-3e15-72df-660b2676d3f7";s:6:"callto";s:13:"+917815971940";s:9:"starttime";s:23:"24-03-2016 14:47:28.420";s:8:"calltype";s:8:"incoming";}
a:6:{s:7:"authkey";s:17:"1.1.d85628e8a0589";s:8:"deviceid";s:36:"00000000-76ef-3e15-72df-660b2676d3f7";s:6:"callto";s:13:"+917815971940";s:9:"starttime";s:23:"24-03-2016 14:49:03.855";s:8:"calltype";s:6:"missed";s:7:"endtime";s:7:"0000000";}
a:7:{s:8:"duration";s:4:"5120";s:7:"endtime";s:23:"24-03-2016 14:58:09.488";s:7:"authkey";s:17:"1.1.d85628e8a0589";s:8:"deviceid";s:36:"00000000-76ef-3e15-72df-660b2676d3f7";s:6:"callto";s:13:"+917815971940";s:9:"starttime";s:23:"24-03-2016 14:58:04.368";s:8:"calltype";s:8:"incoming";}
a:6:{s:7:"authkey";s:17:"1.1.d85628e8a0589";s:8:"deviceid";s:36:"00000000-76ef-3e15-72df-660b2676d3f7";s:6:"callto";s:13:"+919036397314";s:9:"starttime";s:23:"24-03-2016 17:44:46.210";s:8:"calltype";s:6:"missed";s:7:"endtime";s:7:"0000000";}
a:7:{s:8:"duration";s:6:"135680";s:7:"endtime";s:23:"24-03-2016 17:54:28.350";s:7:"authkey";s:17:"1.1.d85628e8a0589";s:8:"deviceid";s:36:"00000000-76ef-3e15-72df-660b2676d3f7";s:6:"callto";s:13:"+919036397314";s:9:"starttime";s:23:"24-03-2016 17:52:12.670";s:8:"calltype";s:8:"outgoing";}
a:7:{s:8:"duration";s:5:"68600";s:7:"endtime";s:23:"24-03-2016 20:39:01.101";s:7:"authkey";s:17:"1.1.d85628e8a0589";s:8:"deviceid";s:36:"00000000-76ef-3e15-72df-660b2676d3f7";s:6:"callto";s:13:"+919052188477";s:9:"starttime";s:23:"24-03-2016 20:37:52.501";s:8:"calltype";s:8:"outgoing";}
a:7:{s:8:"duration";s:5:"64760";s:7:"endtime";s:23:"25-03-2016 11:54:43.760";s:7:"authkey";s:17:"1.1.d85628e8a0589";s:8:"deviceid";s:36:"00000000-76ef-3e15-72df-660b2676d3f7";s:6:"callto";s:13:"+919036397314";s:9:"starttime";s:22:"25-03-2016 11:53:39.00";s:8:"calltype";s:8:"incoming";}
a:6:{s:7:"authkey";s:17:"1.1.d85628e8a0589";s:8:"deviceid";s:36:"00000000-76ef-3e15-72df-660b2676d3f7";s:6:"callto";s:13:"+919036397314";s:9:"starttime";s:23:"25-03-2016 17:47:20.390";s:8:"calltype";s:6:"missed";s:7:"endtime";s:7:"0000000";}
a:7:{s:8:"duration";s:7:"1222400";s:7:"endtime";s:23:"25-03-2016 18:16:40.845";s:7:"authkey";s:17:"1.1.d85628e8a0589";s:8:"deviceid";s:36:"00000000-76ef-3e15-72df-660b2676d3f7";s:6:"callto";s:13:"+919036397314";s:9:"starttime";s:23:"25-03-2016 17:56:18.445";s:8:"calltype";s:8:"incoming";}
a:7:{s:8:"duration";s:5:"71540";s:7:"endtime";s:23:"25-03-2016 18:19:03.200";s:7:"authkey";s:17:"1.1.d85628e8a0589";s:8:"deviceid";s:36:"00000000-76ef-3e15-72df-660b2676d3f7";s:6:"callto";s:12:"89 78 246522";s:9:"starttime";s:23:"25-03-2016 18:17:51.660";s:8:"calltype";s:8:"outgoing";}
a:7:{s:8:"duration";s:4:"6640";s:7:"endtime";s:23:"25-03-2016 18:25:24.897";s:7:"authkey";s:17:"1.1.d85628e8a0589";s:8:"deviceid";s:36:"00000000-76ef-3e15-72df-660b2676d3f7";s:6:"callto";s:11:"09985233296";s:9:"starttime";s:23:"25-03-2016 18:25:18.257";s:8:"calltype";s:8:"outgoing";}
a:7:{s:8:"duration";s:5:"12660";s:7:"endtime";s:22:"27-03-2016 07:19:51.60";s:7:"authkey";s:17:"1.1.d85628e8a0589";s:8:"deviceid";s:36:"00000000-76ef-3e15-72df-660b2676d3f7";s:6:"callto";s:13:"+919494223448";s:9:"starttime";s:23:"27-03-2016 07:19:38.400";s:8:"calltype";s:8:"incoming";}
a:6:{s:7:"authkey";s:17:"1.1.d85628e8a0589";s:8:"deviceid";s:36:"00000000-76ef-3e15-72df-660b2676d3f7";s:6:"callto";s:13:"+919036397314";s:9:"starttime";s:23:"27-03-2016 13:10:30.384";s:8:"calltype";s:6:"missed";s:7:"endtime";s:7:"0000000";}
a:6:{s:7:"authkey";s:17:"1.1.d85628e8a0589";s:8:"deviceid";s:36:"00000000-76ef-3e15-72df-660b2676d3f7";s:6:"callto";s:13:"+919036397314";s:9:"starttime";s:23:"27-03-2016 13:21:15.497";s:8:"calltype";s:6:"missed";s:7:"endtime";s:7:"0000000";}
a:6:{s:7:"authkey";s:17:"1.1.d85628e8a0589";s:8:"deviceid";s:36:"00000000-76ef-3e15-72df-660b2676d3f7";s:6:"callto";s:13:"+919036397314";s:9:"starttime";s:23:"27-03-2016 13:34:42.774";s:8:"calltype";s:6:"missed";s:7:"endtime";s:7:"0000000";}
a:6:{s:7:"authkey";s:17:"1.1.d85628e8a0589";s:8:"deviceid";s:36:"00000000-76ef-3e15-72df-660b2676d3f7";s:6:"callto";s:13:"+919036397314";s:9:"starttime";s:23:"27-03-2016 13:37:01.861";s:8:"calltype";s:6:"missed";s:7:"endtime";s:7:"0000000";}
a:6:{s:7:"authkey";s:17:"1.1.d85628e8a0589";s:8:"deviceid";s:36:"00000000-76ef-3e15-72df-660b2676d3f7";s:6:"callto";s:13:"+919036397314";s:9:"starttime";s:23:"27-03-2016 16:23:09.690";s:8:"calltype";s:6:"missed";s:7:"endtime";s:7:"0000000";}
a:7:{s:8:"duration";s:5:"29180";s:7:"endtime";s:22:"27-03-2016 17:57:20.65";s:7:"authkey";s:17:"1.1.d85628e8a0589";s:8:"deviceid";s:36:"00000000-76ef-3e15-72df-660b2676d3f7";s:6:"callto";s:13:"+919036397314";s:9:"starttime";s:23:"27-03-2016 17:56:50.885";s:8:"calltype";s:8:"incoming";}
a:7:{s:8:"duration";s:5:"19060";s:7:"endtime";s:23:"27-03-2016 19:30:25.220";s:7:"authkey";s:17:"1.1.d85628e8a0589";s:8:"deviceid";s:36:"00000000-76ef-3e15-72df-660b2676d3f7";s:6:"callto";s:13:"+919036397314";s:9:"starttime";s:23:"27-03-2016 19:30:06.160";s:8:"calltype";s:8:"incoming";}
a:7:{s:8:"duration";s:5:"12660";s:7:"endtime";s:22:"27-03-2016 21:27:07.95";s:7:"authkey";s:17:"1.1.d85628e8a0589";s:8:"deviceid";s:36:"00000000-76ef-3e15-72df-660b2676d3f7";s:6:"callto";s:11:"09966545100";s:9:"starttime";s:23:"27-03-2016 21:26:54.435";s:8:"calltype";s:8:"outgoing";}
a:7:{s:8:"duration";s:4:"5240";s:7:"endtime";s:23:"27-03-2016 21:27:23.938";s:7:"authkey";s:17:"1.1.d85628e8a0589";s:8:"deviceid";s:36:"00000000-76ef-3e15-72df-660b2676d3f7";s:6:"callto";s:11:"09966545100";s:9:"starttime";s:23:"27-03-2016 21:27:18.698";s:8:"calltype";s:8:"outgoing";}
a:7:{s:8:"duration";s:3:"380";s:7:"endtime";s:22:"27-03-2016 21:27:31.58";s:7:"authkey";s:17:"1.1.d85628e8a0589";s:8:"deviceid";s:36:"00000000-76ef-3e15-72df-660b2676d3f7";s:6:"callto";s:11:"09966545100";s:9:"starttime";s:23:"27-03-2016 21:27:30.678";s:8:"calltype";s:8:"outgoing";}
a:7:{s:8:"duration";s:5:"71540";s:7:"endtime";s:23:"27-03-2016 21:28:46.856";s:7:"authkey";s:17:"1.1.d85628e8a0589";s:8:"deviceid";s:36:"00000000-76ef-3e15-72df-660b2676d3f7";s:6:"callto";s:11:"09966545100";s:9:"starttime";s:23:"27-03-2016 21:27:35.316";s:8:"calltype";s:8:"outgoing";}
a:6:{s:7:"authkey";s:17:"1.1.d85628e8a0589";s:8:"deviceid";s:36:"00000000-76ef-3e15-72df-660b2676d3f7";s:6:"callto";s:13:"+919036397314";s:9:"starttime";s:23:"25-03-2016 17:47:20.390";s:8:"calltype";s:6:"missed";s:7:"endtime";s:7:"0000000";}
a:6:{s:7:"authkey";s:17:"1.1.d85628e8a0589";s:8:"deviceid";s:36:"00000000-76ef-3e15-72df-660b2676d3f7";s:6:"callto";s:13:"+919036397314";s:9:"starttime";s:23:"27-03-2016 13:21:15.497";s:8:"calltype";s:6:"missed";s:7:"endtime";s:7:"0000000";}
a:6:{s:7:"authkey";s:17:"1.1.d85628e8a0589";s:8:"deviceid";s:36:"00000000-76ef-3e15-72df-660b2676d3f7";s:6:"callto";s:13:"+919036397314";s:9:"starttime";s:23:"27-03-2016 13:37:01.861";s:8:"calltype";s:6:"missed";s:7:"endtime";s:7:"0000000";}
a:6:{s:7:"authkey";s:17:"1.1.d85628e8a0589";s:8:"deviceid";s:36:"00000000-76ef-3e15-72df-660b2676d3f7";s:6:"callto";s:13:"+919036397314";s:9:"starttime";s:23:"27-03-2016 16:23:09.690";s:8:"calltype";s:6:"missed";s:7:"endtime";s:7:"0000000";}
a:7:{s:8:"duration";s:5:"29180";s:7:"endtime";s:22:"27-03-2016 17:57:20.65";s:7:"authkey";s:17:"1.1.d85628e8a0589";s:8:"deviceid";s:36:"00000000-76ef-3e15-72df-660b2676d3f7";s:6:"callto";s:13:"+919036397314";s:9:"starttime";s:23:"27-03-2016 17:56:50.885";s:8:"calltype";s:8:"incoming";}
a:7:{s:8:"duration";s:5:"19060";s:7:"endtime";s:23:"27-03-2016 19:30:25.220";s:7:"authkey";s:17:"1.1.d85628e8a0589";s:8:"deviceid";s:36:"00000000-76ef-3e15-72df-660b2676d3f7";s:6:"callto";s:13:"+919036397314";s:9:"starttime";s:23:"27-03-2016 19:30:06.160";s:8:"calltype";s:8:"incoming";}
a:7:{s:8:"duration";s:3:"380";s:7:"endtime";s:22:"27-03-2016 21:27:31.58";s:7:"authkey";s:17:"1.1.d85628e8a0589";s:8:"deviceid";s:36:"00000000-76ef-3e15-72df-660b2676d3f7";s:6:"callto";s:11:"09966545100";s:9:"starttime";s:23:"27-03-2016 21:27:30.678";s:8:"calltype";s:8:"outgoing";}
a:7:{s:8:"duration";s:5:"71540";s:7:"endtime";s:23:"27-03-2016 21:28:46.856";s:7:"authkey";s:17:"1.1.d85628e8a0589";s:8:"deviceid";s:36:"00000000-76ef-3e15-72df-660b2676d3f7";s:6:"callto";s:11:"09966545100";s:9:"starttime";s:23:"27-03-2016 21:27:35.316";s:8:"calltype";s:8:"outgoing";}
a:6:{s:7:"authkey";s:17:"1.1.d85628e8a0589";s:8:"deviceid";s:36:"00000000-76ef-3e15-72df-660b2676d3f7";s:6:"callto";s:13:"+919036397314";s:9:"starttime";s:23:"27-03-2016 13:21:15.497";s:8:"calltype";s:6:"missed";s:7:"endtime";s:7:"0000000";}
a:6:{s:7:"authkey";s:17:"1.1.d85628e8a0589";s:8:"deviceid";s:36:"00000000-76ef-3e15-72df-660b2676d3f7";s:6:"callto";s:13:"+919036397314";s:9:"starttime";s:23:"27-03-2016 13:37:01.861";s:8:"calltype";s:6:"missed";s:7:"endtime";s:7:"0000000";}
a:6:{s:7:"authkey";s:17:"1.1.d85628e8a0589";s:8:"deviceid";s:36:"00000000-76ef-3e15-72df-660b2676d3f7";s:6:"callto";s:13:"+919036397314";s:9:"starttime";s:23:"27-03-2016 16:23:09.690";s:8:"calltype";s:6:"missed";s:7:"endtime";s:7:"0000000";}
a:7:{s:8:"duration";s:5:"29180";s:7:"endtime";s:22:"27-03-2016 17:57:20.65";s:7:"authkey";s:17:"1.1.d85628e8a0589";s:8:"deviceid";s:36:"00000000-76ef-3e15-72df-660b2676d3f7";s:6:"callto";s:13:"+919036397314";s:9:"starttime";s:23:"27-03-2016 17:56:50.885";s:8:"calltype";s:8:"incoming";}
a:7:{s:8:"duration";s:5:"71540";s:7:"endtime";s:23:"27-03-2016 21:28:46.856";s:7:"authkey";s:17:"1.1.d85628e8a0589";s:8:"deviceid";s:36:"00000000-76ef-3e15-72df-660b2676d3f7";s:6:"callto";s:11:"09966545100";s:9:"starttime";s:23:"27-03-2016 21:27:35.316";s:8:"calltype";s:8:"outgoing";}
a:6:{s:7:"authkey";s:17:"1.1.d85628e8a0589";s:8:"deviceid";s:36:"00000000-76ef-3e15-72df-660b2676d3f7";s:6:"callto";s:13:"+919036397314";s:9:"starttime";s:23:"27-03-2016 16:23:09.690";s:8:"calltype";s:6:"missed";s:7:"endtime";s:7:"0000000";}
a:7:{s:8:"duration";s:5:"29180";s:7:"endtime";s:22:"27-03-2016 17:57:20.65";s:7:"authkey";s:17:"1.1.d85628e8a0589";s:8:"deviceid";s:36:"00000000-76ef-3e15-72df-660b2676d3f7";s:6:"callto";s:13:"+919036397314";s:9:"starttime";s:23:"27-03-2016 17:56:50.885";s:8:"calltype";s:8:"incoming";}
a:7:{s:8:"duration";s:5:"29180";s:7:"endtime";s:22:"27-03-2016 17:57:20.65";s:7:"authkey";s:17:"1.1.d85628e8a0589";s:8:"deviceid";s:36:"00000000-76ef-3e15-72df-660b2676d3f7";s:6:"callto";s:13:"+919036397314";s:9:"starttime";s:23:"27-03-2016 17:56:50.885";s:8:"calltype";s:8:"incoming";}
a:6:{s:7:"authkey";s:17:"1.1.d85628e8a0589";s:8:"deviceid";s:36:"00000000-76ef-3e15-72df-660b2676d3f7";s:6:"callto";s:13:"+918041210747";s:9:"starttime";s:23:"28-03-2016 13:12:19.978";s:8:"calltype";s:6:"missed";s:7:"endtime";s:7:"0000000";}
a:7:{s:8:"duration";s:4:"5240";s:7:"endtime";s:22:"28-03-2016 16:39:45.08";s:7:"authkey";s:17:"1.1.d85628e8a0589";s:8:"deviceid";s:36:"00000000-76ef-3e15-72df-660b2676d3f7";s:6:"callto";s:3:"121";s:9:"starttime";s:23:"28-03-2016 16:39:39.768";s:8:"calltype";s:8:"outgoing";}
a:7:{s:8:"duration";s:5:"46460";s:7:"endtime";s:23:"28-03-2016 17:35:32.557";s:7:"authkey";s:17:"1.1.d85628e8a0589";s:8:"deviceid";s:36:"00000000-76ef-3e15-72df-660b2676d3f7";s:6:"callto";s:13:"+919036397314";s:9:"starttime";s:22:"28-03-2016 17:34:46.97";s:8:"calltype";s:8:"incoming";}
a:7:{s:8:"duration";s:4:"7680";s:7:"endtime";s:22:"29-03-2016 08:07:47.65";s:7:"authkey";s:17:"1.1.d85628e8a0589";s:8:"deviceid";s:36:"00000000-76ef-3e15-72df-660b2676d3f7";s:6:"callto";s:13:"+919036397314";s:9:"starttime";s:23:"29-03-2016 08:07:39.385";s:8:"calltype";s:8:"outgoing";}
a:6:{s:7:"authkey";s:17:"1.1.d85628e8a0589";s:8:"deviceid";s:36:"00000000-76ef-3e15-72df-660b2676d3f7";s:6:"callto";s:13:"+919886282641";s:9:"starttime";s:23:"29-03-2016 15:33:35.280";s:8:"calltype";s:6:"missed";s:7:"endtime";s:7:"0000000";}
a:6:{s:7:"authkey";s:17:"1.1.d85628e8a0589";s:8:"deviceid";s:36:"00000000-76ef-3e15-72df-660b2676d3f7";s:6:"callto";s:13:"+919886282641";s:9:"starttime";s:23:"29-03-2016 15:59:05.540";s:8:"calltype";s:6:"missed";s:7:"endtime";s:7:"0000000";}
a:6:{s:7:"authkey";s:17:"1.1.d85628e8a0589";s:8:"deviceid";s:36:"00000000-76ef-3e15-72df-660b2676d3f7";s:6:"callto";s:13:"+919886282641";s:9:"starttime";s:23:"29-03-2016 16:24:35.763";s:8:"calltype";s:6:"missed";s:7:"endtime";s:7:"0000000";}
a:6:{s:7:"authkey";s:17:"1.1.d85628e8a0589";s:8:"deviceid";s:36:"00000000-76ef-3e15-72df-660b2676d3f7";s:6:"callto";s:13:"+917815971940";s:9:"starttime";s:23:"29-03-2016 16:26:47.917";s:8:"calltype";s:6:"missed";s:7:"endtime";s:7:"0000000";}
a:6:{s:7:"authkey";s:17:"1.1.d85628e8a0589";s:8:"deviceid";s:36:"00000000-76ef-3e15-72df-660b2676d3f7";s:6:"callto";s:13:"+917815971940";s:9:"starttime";s:22:"29-03-2016 16:59:19.29";s:8:"calltype";s:6:"missed";s:7:"endtime";s:7:"0000000";}
a:7:{s:8:"duration";s:5:"15360";s:7:"endtime";s:23:"29-03-2016 17:01:22.410";s:7:"authkey";s:17:"1.1.d85628e8a0589";s:8:"deviceid";s:36:"00000000-76ef-3e15-72df-660b2676d3f7";s:6:"callto";s:13:"+917815971940";s:9:"starttime";s:22:"29-03-2016 17:01:07.50";s:8:"calltype";s:8:"outgoing";}
a:6:{s:7:"authkey";s:17:"1.1.d85628e8a0589";s:8:"deviceid";s:36:"00000000-76ef-3e15-72df-660b2676d3f7";s:6:"callto";s:13:"+917815971940";s:9:"starttime";s:23:"29-03-2016 17:02:41.184";s:8:"calltype";s:6:"missed";s:7:"endtime";s:7:"0000000";}
a:7:{s:7:"authkey";s:17:"1.1.d85628e8a0589";s:8:"deviceid";s:36:"00000000-76ef-3e15-72df-660b2676d3f7";s:6:"callto";s:13:"+919886282641";s:9:"starttime";s:23:"29-03-2016 17:51:20.844";s:8:"calltype";s:6:"missed";s:4:"name";s:10:"Vmc Mukesh";s:7:"endtime";s:7:"0000000";}
a:8:{s:8:"duration";s:5:"10360";s:7:"endtime";s:23:"29-03-2016 17:58:50.546";s:7:"authkey";s:17:"1.1.d85628e8a0589";s:8:"deviceid";s:36:"00000000-76ef-3e15-72df-660b2676d3f7";s:6:"callto";s:13:"+919886282641";s:9:"starttime";s:23:"29-03-2016 17:58:40.186";s:8:"calltype";s:8:"outgoing";s:4:"name";s:10:"Vmc Mukesh";}
a:7:{s:7:"authkey";s:17:"1.1.d858b8e8a0455";s:8:"deviceid";s:36:"ffffffff-a4d5-960f-ffff-ffff82ba1723";s:6:"callto";s:13:"+918152968874";s:9:"starttime";s:22:"29-03-2016 17:58:52.95";s:8:"calltype";s:6:"missed";s:4:"name";s:0:"";s:7:"endtime";s:7:"0000000";}
a:8:{s:8:"duration";s:5:"10060";s:7:"endtime";s:22:"29-03-2016 18:04:12.01";s:7:"authkey";s:17:"1.1.d858b8e8a0455";s:8:"deviceid";s:36:"ffffffff-a4d5-960f-ffff-ffff82ba1723";s:6:"callto";s:13:"+917815971940";s:9:"starttime";s:22:"29-03-2016 18:04:01.95";s:8:"calltype";s:8:"incoming";s:4:"name";s:13:"Office Device";}
a:8:{s:8:"duration";s:5:"16900";s:7:"endtime";s:22:"29-03-2016 18:19:49.62";s:7:"authkey";s:17:"1.1.d858b8e8a0455";s:8:"deviceid";s:36:"ffffffff-a4d5-960f-ffff-ffff82ba1723";s:6:"callto";s:13:"+917815971940";s:9:"starttime";s:22:"29-03-2016 18:19:32.72";s:8:"calltype";s:8:"outgoing";s:4:"name";s:13:"Office Device";}
a:8:{s:8:"duration";s:4:"9080";s:7:"endtime";s:23:"29-03-2016 18:53:56.809";s:7:"authkey";s:17:"1.1.d85628e8a0589";s:8:"deviceid";s:36:"00000000-76ef-3e15-72df-660b2676d3f7";s:6:"callto";s:13:"+919886282641";s:9:"starttime";s:23:"29-03-2016 18:53:47.729";s:8:"calltype";s:8:"outgoing";s:4:"name";s:10:"Vmc Mukesh";}
a:7:{s:7:"authkey";s:17:"1.1.d858b8e8a0455";s:8:"deviceid";s:36:"ffffffff-a4d5-960f-ffff-ffff82ba1723";s:6:"callto";s:13:"+918152968874";s:9:"starttime";s:22:"29-03-2016 18:54:00.11";s:8:"calltype";s:6:"missed";s:4:"name";s:0:"";s:7:"endtime";s:7:"0000000";}
a:7:{s:7:"authkey";s:17:"1.1.d85628e8a0589";s:8:"deviceid";s:36:"00000000-76ef-3e15-72df-660b2676d3f7";s:6:"callto";s:13:"+919886282641";s:9:"starttime";s:23:"29-03-2016 18:58:10.806";s:8:"calltype";s:6:"missed";s:4:"name";s:10:"Vmc Mukesh";s:7:"endtime";s:7:"0000000";}
a:8:{s:8:"duration";s:5:"13200";s:7:"endtime";s:22:"29-03-2016 18:58:09.66";s:7:"authkey";s:17:"1.1.d858b8e8a0455";s:8:"deviceid";s:36:"ffffffff-a4d5-960f-ffff-ffff82ba1723";s:6:"callto";s:13:"+918152968874";s:9:"starttime";s:22:"29-03-2016 18:57:56.46";s:8:"calltype";s:8:"outgoing";s:4:"name";s:0:"";}
a:7:{s:7:"authkey";s:17:"1.1.d85628e8a0589";s:8:"deviceid";s:36:"00000000-76ef-3e15-72df-660b2676d3f7";s:6:"callto";s:13:"+919886282641";s:9:"starttime";s:23:"29-03-2016 18:59:33.597";s:8:"calltype";s:6:"missed";s:4:"name";s:10:"Vmc Mukesh";s:7:"endtime";s:7:"0000000";}
a:8:{s:8:"duration";s:5:"15060";s:7:"endtime";s:22:"29-03-2016 18:59:32.71";s:7:"authkey";s:17:"1.1.d858b8e8a0455";s:8:"deviceid";s:36:"ffffffff-a4d5-960f-ffff-ffff82ba1723";s:6:"callto";s:13:"+918152968874";s:9:"starttime";s:22:"29-03-2016 18:59:17.65";s:8:"calltype";s:8:"outgoing";s:4:"name";s:0:"";}
a:8:{s:8:"duration";s:6:"447480";s:7:"endtime";s:23:"29-03-2016 21:28:20.800";s:7:"authkey";s:17:"1.1.d85628e8a0589";s:8:"deviceid";s:36:"00000000-76ef-3e15-72df-660b2676d3f7";s:6:"callto";s:11:"09160988865";s:9:"starttime";s:23:"29-03-2016 21:20:53.320";s:8:"calltype";s:8:"outgoing";s:4:"name";s:9:"Khala kbk";}
a:7:{s:7:"authkey";s:17:"1.1.d85628e8a0589";s:8:"deviceid";s:36:"00000000-76ef-3e15-72df-660b2676d3f7";s:6:"callto";s:13:"+919160988865";s:9:"starttime";s:23:"29-03-2016 21:13:02.833";s:8:"calltype";s:6:"missed";s:4:"name";s:9:"Khala kbk";s:7:"endtime";s:7:"0000000";}
a:8:{s:8:"duration";s:4:"8960";s:7:"endtime";s:23:"29-03-2016 21:20:34.691";s:7:"authkey";s:17:"1.1.d85628e8a0589";s:8:"deviceid";s:36:"00000000-76ef-3e15-72df-660b2676d3f7";s:6:"callto";s:13:"+919160988865";s:9:"starttime";s:23:"29-03-2016 21:20:25.731";s:8:"calltype";s:8:"outgoing";s:4:"name";s:9:"Khala kbk";}
a:8:{s:8:"duration";s:4:"7680";s:7:"endtime";s:23:"30-03-2016 10:35:19.220";s:7:"authkey";s:17:"1.1.d85628e8a0589";s:8:"deviceid";s:36:"00000000-76ef-3e15-72df-660b2676d3f7";s:6:"callto";s:13:"+917815971940";s:9:"starttime";s:23:"30-03-2016 10:35:11.540";s:8:"calltype";s:8:"incoming";s:4:"name";s:0:"";}
a:7:{s:7:"authkey";s:17:"1.1.d85628e8a0589";s:8:"deviceid";s:36:"00000000-76ef-3e15-72df-660b2676d3f7";s:6:"callto";s:13:"+917815971940";s:9:"starttime";s:23:"30-03-2016 10:35:55.515";s:8:"calltype";s:6:"missed";s:4:"name";s:0:"";s:7:"endtime";s:7:"0000000";}
a:8:{s:8:"duration";s:5:"18300";s:7:"endtime";s:23:"30-03-2016 10:36:30.770";s:7:"authkey";s:17:"1.1.d85628e8a0589";s:8:"deviceid";s:36:"00000000-76ef-3e15-72df-660b2676d3f7";s:6:"callto";s:3:"121";s:9:"starttime";s:23:"30-03-2016 10:36:12.470";s:8:"calltype";s:8:"outgoing";s:4:"name";s:13:"Customer care";}
a:7:{s:7:"authkey";s:17:"1.1.d85628e8a0589";s:8:"deviceid";s:36:"00000000-76ef-3e15-72df-660b2676d3f7";s:6:"callto";s:13:"+917815971940";s:9:"starttime";s:22:"30-03-2016 15:33:40.59";s:8:"calltype";s:6:"missed";s:4:"name";s:0:"";s:7:"endtime";s:7:"0000000";}
a:7:{s:7:"authkey";s:17:"1.1.d85628e8a0589";s:8:"deviceid";s:36:"00000000-76ef-3e15-72df-660b2676d3f7";s:6:"callto";s:13:"+917815971940";s:9:"starttime";s:23:"30-03-2016 15:42:31.959";s:8:"calltype";s:6:"missed";s:4:"name";s:0:"";s:7:"endtime";s:7:"0000000";}
a:8:{s:8:"duration";s:4:"5320";s:7:"endtime";s:22:"30-03-2016 17:35:44.97";s:7:"authkey";s:17:"1.1.d858b8e8a0455";s:8:"deviceid";s:36:"ffffffff-a4d5-960f-ffff-ffff82ba1723";s:6:"callto";s:13:"+918152968874";s:9:"starttime";s:22:"30-03-2016 17:35:39.65";s:8:"calltype";s:8:"outgoing";s:4:"name";s:13:"Gouse Babajan";}
a:8:{s:8:"duration";s:4:"2440";s:7:"endtime";s:22:"30-03-2016 17:36:20.16";s:7:"authkey";s:17:"1.1.d858b8e8a0455";s:8:"deviceid";s:36:"ffffffff-a4d5-960f-ffff-ffff82ba1723";s:6:"callto";s:13:"+918152968874";s:9:"starttime";s:22:"30-03-2016 17:36:17.72";s:8:"calltype";s:8:"outgoing";s:4:"name";s:13:"Gouse Babajan";}
a:8:{s:8:"duration";s:5:"23820";s:7:"endtime";s:22:"30-03-2016 17:40:41.02";s:7:"authkey";s:17:"1.1.d858b8e8a0455";s:8:"deviceid";s:36:"ffffffff-a4d5-960f-ffff-ffff82ba1723";s:6:"callto";s:13:"+917815971940";s:9:"starttime";s:22:"30-03-2016 17:40:17.20";s:8:"calltype";s:8:"outgoing";s:4:"name";s:13:"Office Device";}
a:8:{s:8:"duration";s:5:"34400";s:7:"endtime";s:22:"30-03-2016 17:40:05.02";s:7:"authkey";s:17:"1.1.d85968e8a1236";s:8:"deviceid";s:36:"00000000-0d25-2296-ffff-ffffca494951";s:6:"callto";s:13:"+918152968874";s:9:"starttime";s:22:"30-03-2016 17:39:30.62";s:8:"calltype";s:8:"outgoing";s:4:"name";s:13:"Gouse Babajan";}
a:8:{s:8:"duration";s:5:"14720";s:7:"endtime";s:22:"30-03-2016 17:40:43.09";s:7:"authkey";s:17:"1.1.d85968e8a1236";s:8:"deviceid";s:36:"00000000-0d25-2296-ffff-ffffca494951";s:6:"callto";s:13:"+919886282641";s:9:"starttime";s:22:"30-03-2016 17:40:28.37";s:8:"calltype";s:8:"incoming";s:4:"name";s:6:"Mukesh";}
a:8:{s:8:"duration";s:5:"25800";s:7:"endtime";s:22:"30-03-2016 17:51:11.37";s:7:"authkey";s:17:"1.1.d858b8e8a0455";s:8:"deviceid";s:36:"ffffffff-a4d5-960f-ffff-ffff82ba1723";s:6:"callto";s:13:"+917815971940";s:9:"starttime";s:22:"30-03-2016 17:50:45.57";s:8:"calltype";s:8:"incoming";s:4:"name";s:13:"Office Device";}
a:8:{s:8:"duration";s:5:"29440";s:7:"endtime";s:22:"30-03-2016 17:53:00.29";s:7:"authkey";s:17:"1.1.d85968e8a1236";s:8:"deviceid";s:36:"00000000-0d25-2296-ffff-ffffca494951";s:6:"callto";s:13:"+918152968874";s:9:"starttime";s:22:"30-03-2016 17:52:30.85";s:8:"calltype";s:8:"outgoing";s:4:"name";s:13:"Gouse Babajan";}
a:8:{s:8:"duration";s:5:"26920";s:7:"endtime";s:22:"30-03-2016 17:55:01.73";s:7:"authkey";s:17:"1.1.d85968e8a1236";s:8:"deviceid";s:36:"00000000-0d25-2296-ffff-ffffca494951";s:6:"callto";s:13:"+918152968874";s:9:"starttime";s:22:"30-03-2016 17:54:34.81";s:8:"calltype";s:8:"outgoing";s:4:"name";s:13:"Gouse Babajan";}
a:8:{s:8:"deviceid";s:36:"ffffffff-a4d5-960f-ffff-ffff82ba1723";s:6:"gcmkey";s:152:"c2tGSuCS4ss:APA91bFKqE44U-n10-BvtsS0Clarahv-XHWw5SiyI2FYDyywW2-hLZie5BVioYxa0llNzdUHu0sSj-dawNAOy6d6em_tYSXdxbfZ-JpT1_Y0KV7s1Z-NvDo-rpzpDbm2kbOnWTwgKVXR";s:6:"callto";s:10:"8553583089";s:8:"duration";s:5:"23314";s:7:"endtime";s:1:"0";s:8:"calltype";s:1:"0";s:9:"starttime";s:20:"12:12:12 12:12:12:12";s:7:"authkey";s:17:"1.1.d858b8e8a0455";}
a:8:{s:8:"deviceid";s:36:"ffffffff-a4d5-960f-ffff-ffff82ba1723";s:6:"gcmkey";s:152:"c2tGSuCS4ss:APA91bFKqE44U-n10-BvtsS0Clarahv-XHWw5SiyI2FYDyywW2-hLZie5BVioYxa0llNzdUHu0sSj-dawNAOy6d6em_tYSXdxbfZ-JpT1_Y0KV7s1Z-NvDo-rpzpDbm2kbOnWTwgKVXR";s:6:"callto";s:13:"+918553583089";s:8:"duration";s:5:"23314";s:7:"endtime";s:1:"0";s:8:"calltype";s:1:"0";s:9:"starttime";s:20:"12:12:12 12:12:12:12";s:7:"authkey";s:17:"1.1.d858b8e8a0455";}
a:8:{s:8:"deviceid";s:36:"ffffffff-a4d5-960f-ffff-ffff82ba1723";s:6:"gcmkey";s:152:"c2tGSuCS4ss:APA91bFKqE44U-n10-BvtsS0Clarahv-XHWw5SiyI2FYDyywW2-hLZie5BVioYxa0llNzdUHu0sSj-dawNAOy6d6em_tYSXdxbfZ-JpT1_Y0KV7s1Z-NvDo-rpzpDbm2kbOnWTwgKVXR";s:6:"callto";s:14:"+91-8553583089";s:8:"duration";s:5:"23314";s:7:"endtime";s:1:"0";s:8:"calltype";s:1:"0";s:9:"starttime";s:20:"12:12:12 12:12:12:12";s:7:"authkey";s:17:"1.1.d858b8e8a0455";}
a:8:{s:8:"deviceid";s:36:"ffffffff-a4d5-960f-ffff-ffff82ba1723";s:6:"gcmkey";s:152:"c2tGSuCS4ss:APA91bFKqE44U-n10-BvtsS0Clarahv-XHWw5SiyI2FYDyywW2-hLZie5BVioYxa0llNzdUHu0sSj-dawNAOy6d6em_tYSXdxbfZ-JpT1_Y0KV7s1Z-NvDo-rpzpDbm2kbOnWTwgKVXR";s:6:"callto";s:14:"+91-8553583089";s:8:"duration";s:5:"23314";s:7:"endtime";s:1:"0";s:8:"calltype";s:1:"0";s:9:"starttime";s:20:"12:12:12 12:12:12:12";s:7:"authkey";s:17:"1.1.d858b8e8a0455";}
a:8:{s:8:"deviceid";s:36:"ffffffff-a4d5-960f-ffff-ffff82ba1723";s:6:"gcmkey";s:152:"c2tGSuCS4ss:APA91bFKqE44U-n10-BvtsS0Clarahv-XHWw5SiyI2FYDyywW2-hLZie5BVioYxa0llNzdUHu0sSj-dawNAOy6d6em_tYSXdxbfZ-JpT1_Y0KV7s1Z-NvDo-rpzpDbm2kbOnWTwgKVXR";s:6:"callto";s:14:"+91-8553583089";s:8:"duration";s:5:"23314";s:7:"endtime";s:1:"0";s:8:"calltype";s:1:"0";s:9:"starttime";s:20:"12:12:12 12:12:12:12";s:7:"authkey";s:17:"1.1.d858b8e8a0455";}
a:8:{s:8:"deviceid";s:36:"ffffffff-a4d5-960f-ffff-ffff82ba1723";s:6:"gcmkey";s:152:"c2tGSuCS4ss:APA91bFKqE44U-n10-BvtsS0Clarahv-XHWw5SiyI2FYDyywW2-hLZie5BVioYxa0llNzdUHu0sSj-dawNAOy6d6em_tYSXdxbfZ-JpT1_Y0KV7s1Z-NvDo-rpzpDbm2kbOnWTwgKVXR";s:6:"callto";s:14:"+91-8553583089";s:8:"duration";s:5:"23314";s:7:"endtime";s:1:"0";s:8:"calltype";s:1:"0";s:9:"starttime";s:20:"12:12:12 12:12:12:12";s:7:"authkey";s:17:"1.1.d858b8e8a0455";}
a:8:{s:8:"deviceid";s:36:"ffffffff-a4d5-960f-ffff-ffff82ba1723";s:6:"gcmkey";s:152:"c2tGSuCS4ss:APA91bFKqE44U-n10-BvtsS0Clarahv-XHWw5SiyI2FYDyywW2-hLZie5BVioYxa0llNzdUHu0sSj-dawNAOy6d6em_tYSXdxbfZ-JpT1_Y0KV7s1Z-NvDo-rpzpDbm2kbOnWTwgKVXR";s:6:"callto";s:14:"+91-8553583089";s:8:"duration";s:5:"23314";s:7:"endtime";s:1:"0";s:8:"calltype";s:1:"0";s:9:"starttime";s:20:"12:12:12 12:12:12:12";s:7:"authkey";s:17:"1.1.d858b8e8a0455";}
a:8:{s:8:"deviceid";s:36:"ffffffff-a4d5-960f-ffff-ffff82ba1723";s:6:"gcmkey";s:152:"c2tGSuCS4ss:APA91bFKqE44U-n10-BvtsS0Clarahv-XHWw5SiyI2FYDyywW2-hLZie5BVioYxa0llNzdUHu0sSj-dawNAOy6d6em_tYSXdxbfZ-JpT1_Y0KV7s1Z-NvDo-rpzpDbm2kbOnWTwgKVXR";s:6:"callto";s:14:"+91-8553583089";s:8:"duration";s:5:"23314";s:7:"endtime";s:1:"0";s:8:"calltype";s:1:"0";s:9:"starttime";s:20:"12:12:12 12:12:12:12";s:7:"authkey";s:17:"1.1.d858b8e8a0455";}
a:8:{s:8:"deviceid";s:36:"ffffffff-a4d5-960f-ffff-ffff82ba1723";s:6:"gcmkey";s:152:"c2tGSuCS4ss:APA91bFKqE44U-n10-BvtsS0Clarahv-XHWw5SiyI2FYDyywW2-hLZie5BVioYxa0llNzdUHu0sSj-dawNAOy6d6em_tYSXdxbfZ-JpT1_Y0KV7s1Z-NvDo-rpzpDbm2kbOnWTwgKVXR";s:6:"callto";s:14:"+91-8553583089";s:8:"duration";s:5:"23314";s:7:"endtime";s:1:"0";s:8:"calltype";s:1:"0";s:9:"starttime";s:20:"12:12:12 12:12:12:12";s:7:"authkey";s:17:"1.1.d858b8e8a0455";}
a:8:{s:8:"deviceid";s:36:"ffffffff-a4d5-960f-ffff-ffff82ba1723";s:6:"gcmkey";s:152:"c2tGSuCS4ss:APA91bFKqE44U-n10-BvtsS0Clarahv-XHWw5SiyI2FYDyywW2-hLZie5BVioYxa0llNzdUHu0sSj-dawNAOy6d6em_tYSXdxbfZ-JpT1_Y0KV7s1Z-NvDo-rpzpDbm2kbOnWTwgKVXR";s:6:"callto";s:14:"+91-8553583089";s:8:"duration";s:5:"23314";s:7:"endtime";s:1:"0";s:8:"calltype";s:1:"0";s:9:"starttime";s:20:"12:12:12 12:12:12:12";s:7:"authkey";s:17:"1.1.d858b8e8a0455";}
a:9:{s:8:"deviceid";s:36:"ffffffff-a4d5-960f-ffff-ffff82ba1723";s:6:"gcmkey";s:152:"c2tGSuCS4ss:APA91bFKqE44U-n10-BvtsS0Clarahv-XHWw5SiyI2FYDyywW2-hLZie5BVioYxa0llNzdUHu0sSj-dawNAOy6d6em_tYSXdxbfZ-JpT1_Y0KV7s1Z-NvDo-rpzpDbm2kbOnWTwgKVXR";s:6:"callto";s:14:"+91-8553583089";s:8:"duration";s:5:"23314";s:7:"endtime";s:1:"0";s:8:"calltype";s:1:"0";s:9:"starttime";s:20:"12:12:12 12:12:12:12";s:7:"authkey";s:17:"1.1.d858b8e8a0455";s:8:"filename";s:10:"dfasdf.amr";}
a:9:{s:8:"deviceid";s:36:"ffffffff-a4d5-960f-ffff-ffff82ba1723";s:6:"gcmkey";s:152:"c2tGSuCS4ss:APA91bFKqE44U-n10-BvtsS0Clarahv-XHWw5SiyI2FYDyywW2-hLZie5BVioYxa0llNzdUHu0sSj-dawNAOy6d6em_tYSXdxbfZ-JpT1_Y0KV7s1Z-NvDo-rpzpDbm2kbOnWTwgKVXR";s:6:"callto";s:14:"+91-8553583089";s:8:"duration";s:5:"23314";s:7:"endtime";s:1:"0";s:8:"calltype";s:1:"0";s:9:"starttime";s:20:"12:12:12 12:12:12:12";s:7:"authkey";s:17:"1.1.d858b8e8a0455";s:8:"filename";s:10:"dfasdf.amr";}
a:9:{s:8:"deviceid";s:36:"ffffffff-a4d5-960f-ffff-ffff82ba1723";s:6:"gcmkey";s:152:"c2tGSuCS4ss:APA91bFKqE44U-n10-BvtsS0Clarahv-XHWw5SiyI2FYDyywW2-hLZie5BVioYxa0llNzdUHu0sSj-dawNAOy6d6em_tYSXdxbfZ-JpT1_Y0KV7s1Z-NvDo-rpzpDbm2kbOnWTwgKVXR";s:6:"callto";s:14:"+91-8553583089";s:8:"duration";s:5:"23314";s:7:"endtime";s:1:"0";s:8:"calltype";s:1:"0";s:9:"starttime";s:20:"12:12:12 12:12:12:12";s:7:"authkey";s:17:"1.1.d858b8e8a0455";s:8:"filename";s:10:"dfasdf.amr";}